goog$dom$contains:Cd
JSCompiler_StaticMethods_merge:qh
webdriver$promise$Deferred$State_$PENDING:Kh
goog$debug$Console:yc
goog$dom$classlist$contains:eh
goog$Uri$encodeChar_:Vb
goog$debug$getStacktraceHelper_:bc
JSCompiler_StaticMethods_isCoordinateActive_:Vg
JSCompiler_StaticMethods_calculatePosition_:Re
JSCompiler_StaticMethods_annotateError:Ph
goog$ui$Dialog$ButtonSet$DefaultButtons$CONTINUE:lf
goog$style$getIePixelDistance_:je
goog$events$Event$preventDefault:Fc
goog$isDef:fa
goog$ui$AdvancedTooltip:Ug
goog$style$setElementShown:S
goog$style$getStyle_:Sd
webdriver$promise$activeFlows_:Pa
goog$math$Rect:Od
goog$style$ieBorderWidthKeywords_:ke
goog$events$EventHandler:oe
JSCompiler_get:e
goog$ui$Popup:Hg
goog$UID_PROPERTY_:la
JSCompiler_StaticMethods_isMouseActionButton:Jc
goog$style$getOffsetParent:Yd
goog$debug$Console$logToConsole_:Bc
remote$ui$Event:De
goog$ui$ControlRenderer:wf
goog$ui$Container$Orientation$VERTICAL:Qf
goog$debug$LogRecord:ec
goog$ui$Component$getStateTransitionEvent:ve
webdriver$promise$checkedNodeCall:Wh
goog$debug$Formatter$getTwoDigitString_:vc
remote$ui$SessionView:Xg
JSCompiler_returnArg:p
goog$ui$Dialog$EventType$AFTER_SHOW:df
JSCompiler_StaticMethods_enableFocusHandling_:Sf
goog$debug$Logger$Level$INFO:lc
goog$ui$Tooltip$activeInstances_:Jg
JSCompiler_StaticMethods_setCapturing:zc
goog$debug$Formatter$getRelativeTime_:wc
goog$style$getBorderBox:me
goog$debug$RelativeTimeProvider:sc
goog$ui$Dialog$EventType$AFTER_HIDE:ef
goog$userAgent$isVersionOrHigherCache_:Cb
goog$dom$TAGS_TO_IGNORE_:Ed
remote$ui$JsonTooltip:Wg
parts$$inline_930:zi
goog$events$BrowserFeature$HAS_W3C_EVENT_SUPPORT:Dc
JSCompiler_StaticMethods_setScheme:Kb
goog$dom$classlist$NATIVE_DOM_TOKEN_LIST_:ch
goog$events$KeyCodes$normalizeGeckoKeyCode:Je
goog$ui$PopupBase:Ve
goog$string$format$demuxes_:xg
goog$events$EventTarget:U
goog$dom$classlist$remove:gh
goog$ui$Control:Z
JSCompiler_StaticMethods_getAppliedCombinedClassNames_:yf
goog$events$unlisten:Xc
goog$dispose:Aa
JSCompiler_StaticMethods_getWindow:Ld
goog$dom$setProperties:qd
goog$dom$setTextContent:Dd
goog$uri$utils$splitRe_:Gb
goog$array$remove:Va
goog$events$BrowserEvent$IEButtonMap:Ic
JSCompiler_StaticMethods_maybeReinitTouchEvent_:Ne
goog$events$Event:I
goog$array$every:Ta
goog$string$amperRe_:Fa
opt_object$$inline_928:yi
goog$events$BrowserFeature$SET_KEY_CODE_TO_PREVENT_DEFAULT:Ec
goog$events$listenerTree_:Pc
JSCompiler_StaticMethods_registerChildId_:Rf
JSCompiler_StaticMethods_updateInfo:pf
JSCompiler_StaticMethods_setOpen:Hf
JSCompiler_StaticMethods_execute_:ki
goog$dom$BrowserFeature$CAN_USE_CHILDREN_ATTRIBUTE:gd
webdriver$http$headersToString_:qi
goog$Uri$reDisallowedInSchemeOrUserInfo_:Qb
webdriver$promise$Promise:Hh
webdriver$stacktrace$FIREFOX_STACK_FRAME_REGEXP_:Bh
JSCompiler_StaticMethods_setA11YDetectBackground_:Xe
goog$debug$Logger:gc
webdriver$stacktrace$ANONYMOUS_FRAME_:zh
webdriver$EventEmitter:sh
remote$ui$SessionContainer:Yg
remote$ui$CreateSessionDialog:jg
goog$ui$LabelInput$SUPPORTS_PLACEHOLDER_:ih
goog$json$Serializer$charsToReplace_:ug
goog$dom$removeChildren:Ad
webdriver$promise$CanceledTaskError_:fi
goog$a11y$aria$setRole:Fe
JSCompiler_StaticMethods_highlightFirst:Uf
goog$Disposable:xa
goog$userAgent$IE:C
JSCompiler_StaticMethods_cancelEventLoop_:$h
goog$fx$Dragger$HAS_SET_CAPTURE_:Le
goog$structs$Set$getKey_:Zb
goog$getObjectByName:ca
goog$uidCounter_:oa
goog$events$fireListeners_:bd
len$$inline_769:Gi
goog$ui$Dialog$Event:ff
JSCompiler_StaticMethods_doDrag:Se
JSCompiler_StaticMethods_cleanupKeysArray_:ib
goog$style$getPixelStyleValue_:Vd
webdriver$promise$defaultFlow_:Uh
JSCompiler_StaticMethods_getChildAt:W
webdriver$stacktrace$V8_STACK_FRAME_REGEXP_:Ah
webdriver$stacktrace$CAN_CAPTURE_STACK_TRACE_:vh
JSCompiler_StaticMethods_runInNewFrame_:Th
webdriver$http$Request:pi
JSCompiler_StaticMethods_serializeString_:sg
webdriver$http$Executor$COMMAND_MAP_:ni
goog$ui$Dialog$ButtonSet$DefaultButtons$SAVE:kf
goog$Uri$reDisallowedInQuery_:Ub
goog$net$DefaultXmlHttpFactory:vi
goog$ui$LabelInput:hh
goog$positioning$AbstractPosition:Eg
goog$json$Serializer$charToJsonCharCache_:tg
JSCompiler_StaticMethods_deselectIfSelected:fg
version$$inline_68:xb
remote$ui$ActionDialog:ig
goog$fx$DragEvent:Oe
webdriver$promise$ControlFlow:Xh
goog$string$allRe_:Ea
goog$style$setOpacity:fe
goog$style$setUnselectable:he
goog$userAgent$detectedIe_:lb
goog$debug$LogManager$initialize:qc
goog$array$filter:Ra
JSCompiler_StaticMethods_setSelected:Gf
JSCompiler_StaticMethods_clearShowTimer:Mg
goog$positioning$AnchoredPosition:Fg
L 0:a
L 1:b
L 2:c
L 3:d
JSCompiler_StaticMethods_updateServerInfo_:ji
goog$object$create:eb
L 9:n
goog$array$toArray:Xa
L 8:l
L 7:k
goog$style$getIePixelValue_:ie
goog$ui$ButtonRenderer:lg
L 6:h
L 5:g
L 4:f
goog$dom$append_:xd
src$$inline_768:Fi
goog$string$StringBuffer:vg
goog$ui$TabBar$Location$START:bg
goog$ui$ContainerRenderer:Mf
webdriver$stacktrace$getStack_:wh
webdriver$promise$Task_:Vh
goog$events$listen_:Tc
goog$dom$isFocusableTabIndex:Gd
goog$ui$Dialog:X
webdriver$stacktrace$Frame:yh
webdriver$promise$Deferred$State_$BLOCKED:Lh
goog$events$KeyHandler$USES_KEYDOWN_:tf
bot$response$checkResponse:wa
goog$ui$Button:ng
JSCompiler_StaticMethods_render_:we
goog$ui$Dialog$ButtonSet$DefaultButtons$YES:hf
goog$net$XmlHttp$factory_:ui
JSCompiler_StaticMethods_cancelShutdown_:Zh
goog$inherits:y
webdriver$stacktrace$Snapshot:uh
goog$math$Box$distance:Nd
goog$debug$getStacktrace:$b
goog$object$PROTOTYPE_FIELDS_:cb
JSCompiler_StaticMethods_attachEventsToForm_:jh
goog$ui$TabBar$Location$BOTTOM:ag
goog$debug$Logger$Level$SHOUT:ic
goog$userAgent$getUserAgentString:pb
JSCompiler_StaticMethods_fireListeners:re
remote$ui$ScreenshotDialog:mf
goog$debug$getFunctionName:cc
goog$dom$classes$getDifference_:md
goog$style$getSizeWithDisplay_:de
bot$Error:ta
goog$ui$Dialog$ButtonSet:Ze
JSCompiler_StaticMethods_getChildCount:ye
goog$a11y$aria$DefaultStateValueMap_:Ee
goog$style$getBounds:ee
files$$inline_770:Hi
JSCompiler_StaticMethods_isAutoState:$
goog$dom$getDomHelper:M
goog$debug$TextFormatter:xc
goog$ui$registry$defaultRenderers_:Bf
webdriver$http$Executor:mi
goog$addSingletonGetter:da
goog$userAgent$detectedGecko_:nb
goog$style$getPageOffset:$d
goog$events$handleBrowserEvent_:Vc
goog$debug$Formatter:uc
remote$ui$Client$SUPPORTED_BROWSERS:ii
remote$ui$Banner:Be
JSCompiler_StaticMethods_enableMouseEventHandling_:Df
part$$inline_932:Bi
directoryPath$$inline_766:Di
goog$style$getComputedStyle:R
goog$events$listen:J
goog$dom$setFocusableTabIndex:Hd
JSCompiler_StaticMethods_thenCatch:Ih
remote$ui$SessionContainer$SessionTab_:ah
operaVersion$$inline_70:zb
goog$json$parse:og
JSCompiler_StaticMethods_getHistory:ai
JSCompiler_set:ba
goog$structs$getValues:fb
bot$Error$CODE_TO_STATE_:ua
webdriver$http$XhrClient:xi
goog$debug$LogManager$loggers_:oc
goog$math$Coordinate:L
goog$now:sa
JSCompiler_StaticMethods_forEachChild:xe
goog$ui$TabBar:dg
JSCompiler_StaticMethods_toBox:Pd
goog$events$KeyHandler$SAVE_ALT_FOR_KEYPRESS_:uf
JSCompiler_StaticMethods_enableTabIndex:Nf
goog$array$map:Sa
goog$ui$ControlRenderer$ARIA_STATE_MAP_:xf
goog$ui$TabRenderer:Kf
webdriver$promise$Deferred$State_$RESOLVED:Sh
goog$dom$getTextContent_:Jd
JSCompiler_StaticMethods_indexOfChild:Ae
goog$userAgent$OPERA:B
JSCompiler_StaticMethods_highlightPrevious:Wf
webdriver$http$Executor$buildPath_:oi
goog$global:r
cur$$inline_931:Ai
goog$ui$registry$setDecoratorByClassName:Af
webdriver$promise$asap:Oh
goog$array$ARRAY_PROTOTYPE_:z
webdriver$promise$isError_:Qh
goog$debug$LogManager$getLogger:rc
goog$array$indexOf:Qa
goog$debug$Logger$Level$SEVERE:jc
goog$array$slice:Za
JSCompiler_StaticMethods_isRightToLeft_:Me
goog$ui$Tooltip$CursorTooltipPosition:Sg
goog$dom$getWindow:ud
webdriver$stacktrace$CHAKRA_STACK_FRAME_REGEXP_:Dh
goog$array$peek:Oa
goog$math$Size:od
JSCompiler_StaticMethods_highlightLast:Vf
goog$ui$TabBarRenderer:Zf
goog$json$Serializer:pg
JSCompiler_StaticMethods_setHighlightedIndex:Tf
JSCompiler_StaticMethods_trimHistory_:bi
JSCompiler_StaticMethods_clearHideTimer:Lg
JSCompiler_StaticMethods_serialize_:rg
goog$isArrayLike:ha
JSCompiler_StaticMethods_listenToTabEvents_:eg
goog$debug$fnNameCache_:dc
goog$dom$isNodeList:yd
goog$ui$Container:Pf
webdriver$http$Response$fromXmlHttpRequest:si
goog$style$setStyle:Qd
JSCompiler_StaticMethods_getDocument:O
JSCompiler_StaticMethods_isRightToLeft:ze
JSCompiler_StaticMethods_startHideTimer:Ng
goog$events$KeyEvent:vf
goog$debug$LogManager$rootLogger_:pc
goog$fx$Dragger:Ke
JSCompiler_StaticMethods_logError_:li
JSCompiler_StaticMethods_isTransitionAllowed:Ff
JSCompiler_StaticMethods_listenInternal_:se
goog$ui$Tooltip$ElementTooltipPosition:Tg
goog$userAgent$isDocumentModeOrHigher:Db
goog$string$toTitleCase:La
JSCompiler_StaticMethods_setHandleMouseEvents:Cf
JSCompiler_emptyFn:aa
goog$dom$removeNode:Bd
goog$Disposable$MonitoringMode$OFF:ya
re$$inline_69:yb
goog$userAgent$GECKO:D
goog$debug$LogRecord$nextSequenceNumber_:fc
JSCompiler_StaticMethods_getKeyName_:Xb
goog$dom$BrowserFeature$CAN_USE_INNER_TEXT:hd
L 21:Ji
goog$userAgent$detectedOpera_:kb
L 20:na
L 22:Ki
goog$format$JsonPrettyPrinter$TextDelimiters:zg
JSCompiler_StaticMethods_listeners:th
goog$style$setStyle_:Rd
goog$reflect$sinkValue:Gc
JSCompiler_StaticMethods_getWindow_:Ce
JSCompiler_StaticMethods_getClassForState:zf
JSCompiler_StaticMethods_getSelectedSession:Zg
goog$events$KeyHandler$keyIdentifier_:sf
goog$string$toCamelCase:Ka
goog$events$Listenable$IMPLEMENTED_BY_PROP:Kc
arr$$inline_71:Ab
goog$dom$classlist$get:dh
goog$ui$Dialog$EventType$SELECT:gf
goog$partial:ra
goog$ui$Component:V
webdriver$promise$Node_:gi
goog$string$quotRe_:Ia
remote$ui$ServerInfo:of
webdriver$promise$Frame_:ci
goog$events$Listenable$isImplementedBy:Lc
goog$ui$NativeButtonRenderer:mg
webdriver$promise$isPromise:Mh
key$$inline_440:Jf
goog$typeOf:ea
goog$ui$TabBar$Location$END:cg
JSCompiler_StaticMethods_printObject_:Bg
goog$events$unlistenByKey:K
goog$style$setPosition:Ud
goog$dom$classes$add:kd
goog$dom$DomHelper:pd
goog$style$getClientViewportElement:Wd
goog$dom$classes$get:jd
webdriver$http$Response:ri
remote$ui$OpenScriptDialog:mh
goog$style$unselectableStyle_:ge
goog$events$BrowserEvent:Hc
webdriver$stacktrace$parse_:Gh
goog$events$getListeners_:Yc
JSCompiler_StaticMethods_unlistenByKey:Zc
goog$Uri$QueryData:Ob
JSCompiler_StaticMethods_checkForParentTooltip_:Rg
JSCompiler_StaticMethods_getCaption:Ef
goog$debug$RelativeTimeProvider$defaultInstance_:tc
docMode$$inline_72:Bb
JSCompiler_prototypeAlias:q
goog$userAgent$VERSION:wb
JSCompiler_StaticMethods_commenceShutdown_:ei
goog$isObject:ja
goog$userAgent$isVersionOrHigher:H
goog$bindJs_:qa
JSCompiler_StaticMethods_getPositioningStrategy:Og
JSCompiler_StaticMethods_format:Ag
goog$asserts$AssertionError:Ma
goog$events$onStringMap_:Rc
goog$positioning$ViewportPosition:Gg
JSCompiler_StaticMethods_limitY:Qe
remote$ui$ControlBlock:hg
goog$ui$Component$defaultRightToLeft_:ue
remote$ui$ScreenshotDialog$State$LOADING:nf
goog$events$LISTENER_WRAPPER_PROP_:dd
L 13:ga
L 14:ma
L 11:s
webdriver$promise$Deferred$State_$REJECTED:Nh
L 12:w
JSCompiler_StaticMethods_createInstance:wi
L 10:m
goog$userAgent$detectedMac_:ob
JSCompiler_StaticMethods_limitX:Pe
goog$structs$Map:hb
L 19:ac
goog$events$getProxy:Uc
L 17:Q
L 18:F
L 15:T
L 16:E
goog$style$getIePixelBorder_:le
goog$dom$DIRECT_ATTRIBUTE_MAP_:rd
goog$events$BrowserFeature$HAS_W3C_BUTTON:Cc
goog$math$Box:P
webdriver$promise$Deferred:Jh
goog$object$extend:db
goog$ui$Container$Orientation$HORIZONTAL:Of
goog$ui$TabBar$Location$TOP:$f
webdriver$Command:oh
JSCompiler_StaticMethods_enforceReadOnly:Lb
goog$dom$BrowserFeature$CAN_ADD_NAME_OR_TYPE_ATTRIBUTES:fd
goog$events$EventTarget$findListenerIndex_:qe
JSCompiler_StaticMethods_highlightHelper:Yf
JSCompiler_StaticMethods_showPopupElement_:Ye
JSCompiler_StaticMethods_setSupportedState:If
goog$userAgent$DOCUMENT_MODE:Eb
goog$events$sources_:Qc
goog$structs$Map$hasKey_:jb
goog$dom$append:zd
goog$getUid:ka
goog$dom$classes$remove:ld
goog$debug$Error:Ba
JSCompiler_StaticMethods_getAnchorFromElement:Qg
JSCompiler_StaticMethods_refreshSessions:bh
goog$events$removeAll:ad
remote$ui$FieldSet:kg
JSCompiler_StaticMethods_saveCursorPosition_:Pg
goog$bindNative_:pa
goog$style$getSize:ce
goog$isString:v
goog$debug$Console$console_:Ac
goog$events$KeyCodes$isCharacterKey:Ie
goog$array$forEach:A
goog$events$KeyHandler$safariKey_:rf
goog$dom$getOwnerDocument:N
goog$style$setSize:be
JSCompiler_StaticMethods_setPort:Mb
JSCompiler_StaticMethods_abortNow_:Rh
webdriver$Session:rh
goog$object$getKeys:bb
goog$dom$createDom:vd
goog$dom$getViewportSize_:sd
e$$inline_641:xh
JSCompiler_StaticMethods_ensureKeyMapInitialized_:Wb
goog$net$XmlHttpFactory:ti
JSCompiler_StaticMethods_adjustSessionViewSize_:$g
webdriver$stacktrace$parseStackFrame_:Fh
JSCompiler_StaticMethods_hasChanged:lh
goog$ui$Dialog$ButtonSet$DefaultButtons$CANCEL:af
goog$ui$IdGenerator:te
goog$Disposable$instances_:za
goog$string$format:wg
goog$ui$Dialog$ButtonSet$DefaultButtons$OK:$e
goog$events$KeyCodes$firesKeyPressEvent:He
goog$Timer$callOnce:Te
goog$string$subs:Ca
goog$userAgent$detectedWebkit_:mb
goog$debug$Logger$Level$CONFIG:mc
goog$dom$createDom_:wd
goog$string$htmlEscape:Da
goog$dom$getDocumentScrollElement_:td
goog$object$getValues:ab
JSCompiler_StaticMethods_detachElement_:Kg
goog$ui$Dialog$ButtonSet$DefaultButtons$NO:jf
JSCompiler_StaticMethods_check_:kh
scripts$$inline_765:Ci
goog$debug$Logger$Level$WARNING:kc
goog$events$wrapListener_:Sc
webdriver$stacktrace$CLOSURE_STACK_FRAME_REGEXP_:Eh
goog$object$forEach:$a
goog$array$contains:Ua
goog$dom$PREDEFINED_TAG_VALUES_:Fd
webdriver$stacktrace$OPERA_STACK_FRAME_REGEXP_:Ch
goog$userAgent$WEBKIT:G
JSCompiler_StaticMethods_setTitle:bf
goog$structs$Set:Yb
goog$a11y$aria$setState:Ge
goog$events$listeners_:Oc
ua$$inline_62:rb
goog$array$concat:Wa
bot$Error$State$UNKNOWN_ERROR:va
goog$positioning$positionAtAnchor:Cg
goog$userAgent$getNavigator:qb
goog$style$getVisibleRectForElement:Zd
goog$string$gtRe_:Ha
goog$debug$Logger$Level:hc
doc$$inline_88:Fb
goog$format$JsonPrettyPrinter:yg
goog$userAgent$X11:ub
JSCompiler_StaticMethods_addButton:Y
goog$nullFunction:t
goog$events$cleanUp_:$c
goog$ui$Tooltip:Ig
goog$asserts$fail:Na
goog$Uri:Jb
goog$events$Listener:Nc
goog$bind:x
goog$userAgent$getDocumentMode_:vb
goog$ui$Tab:Lf
goog$ui$ModalPopup:We
JSCompiler_StaticMethods_getNextTask_:di
JSCompiler_StaticMethods_setDraggingEnabled_:cf
goog$math$Coordinate$difference:nd
goog$isArray:u
JSCompiler_StaticMethods_setSelectedTab:gg
JSCompiler_StaticMethods_getEffectiveLevel:nc
JSCompiler_StaticMethods_setQueryData:Nb
goog$events$FocusHandler:Ue
remote$ui$WebDriverScriptButton:nh
goog$events$KeyHandler:qf
JSCompiler_StaticMethods_highlightNext:Xf
goog$style$getBoundingClientRect_:Xd
goog$dom$getRawTextContent:Id
goog$events$fireListener:cd
goog$Uri$reDisallowedInRelativePath_:Sb
goog$Uri$reDisallowedInFragment_:Tb
goog$Uri$reDisallowedInAbsolutePath_:Rb
j$$inline_771:Ii
i$$inline_767:Ei
goog$style$getComputedPosition:Td
goog$events$EventHandler$typeArray_:pe
goog$events$ListenableKey$counter_:Mc
JSCompiler_StaticMethods_isCss1CompatMode:Kd
remote$ui$Client:hi
JSCompiler_StaticMethods_getDocumentScroll:Md
goog$dom$defaultDomHelper_:ed
goog$uri$utils$split:Hb
JSCompiler_StaticMethods_serialize:qg
goog$array$splice:Ya
goog$isFunction:ia
goog$positioning$positionAtCoordinate:Dg
webdriver$Capabilities:ph
goog$dom$TagName$OPTION:id
goog$string$ltRe_:Ga
goog$uri$utils$needsPhishingProtection_:Ib
navigator$$inline_65:tb
goog$string$repeat:Ja
webdriver$promise$ControlFlow$defaultTimer:Yh
navigator$$inline_63:sb
goog$structs$forEach:gb
goog$events$listenOnce:Wc
goog$style$MATRIX_TRANSLATION_REGEX_:ne
goog$dom$classlist$add:fh
goog$Uri$encodeSpecialChars_:Pb
goog$style$isRightToLeft:ae
