relativeTimeStart_:mf
propertySeparator:jf
todoBlock_:me
disposeInternal:g
margin_:Bg
inDocument_:t
seenInteraction_:ld
reposition:$
focusable_:Id
keyUpKey_:Yc
propagationStopped_:Ya
startX:yf
startY:zf
parameters_:ef
handleEnterItem:dg
objectEnd:Gg
column_:sh
fn:wh
getId:I
limits:Zc
getKeyHandler:Rc
clone:ca
parent_:F
level_:ob
openItem_:H
handleMouseOver:Jb
onShow_:Wa
userInfo_:od
time_:Af
keyEventTarget_:Ud
preValue:hf
loggerName_:We
titleCloseEl_:nd
line_:Ue
handleFocus:Ra
isFocusable:Ua
cursorTracking_:ze
dragging_:hb
pendingRejections_:rb
showAbsoluteTime:tf
setRightToLeft:Xb
endDrag:Oc
addChild:U
client_:Pf
show_:le
location_:Ag
removeAllListeners:hd
executor_:Gd
bgShowTransition_:cc
ignoreCase_:ka
lineBreak:$c
onUserSelect_:Ug
timer:vb
getElement:a
getHideDelayMs:Ld
instance_:Ne
useRightPositioningForRtl_:ne
hideTransition_:oc
scriptButton_:xc
addCallbacks:pe
snapshot_:lh
childIndex_:V
disposed_:Mc
modal_:Ze
onShow:cd
dragger_:Pa
onSessionSelect_:Sg
handleKeyEventInternal:mc
tooltip_:Ec
backgroundElementOpacity_:wd
listenKeyOut_:zg
tracking_:Fc
filteredLoggers_:Wf
isVisible_:Ob
setTextContent:gh
extraClassNames_:za
activeFrame_:o
arrayEnd:Jf
exception_:Fd
bgHideTransition_:bc
anchorBox_:ud
autoHideRegion_:se
createButton_:ec
fulfill:kb
eventTargetListeners_:qa
onDelete_:Mg
viewElement_:pd
showExceptionText:vf
setElement:he
delimiters_:q
column:rh
mouseDownTime_:Dg
createSessionDialog_:zb
onHide:bd
locked_:ad
getValue:Gb
type_:$b
handleMouseDown:nc
name_:pb
classByState_:ue
superClass_:b
url_:Gc
getValues:fa
handleKeyEvent:Sa
needsCleanup_:$e
performActionInternal:vc
handleKeyDown_:hg
isJsUnitException:xh
setContent:tb
getActiveElement:Kd
deleteSessionButton_:fc
containsKey:yb
logBuffer_:Ve
onHide_:tc
id_:Ta
setIgnoreCase:je
rightToLeft_:$a
bgIframeEl_:P
onScreenshot_:ae
encodedQuery_:da
caps_:Ha
titleEl_:Zb
elements_:jb
popupCorner_:Xg
handleTabUnselect:og
screenshotButton_:La
onButtonClick_:Ig
onBeforeShow:Zd
setParentEventTarget:ke
visible_:O
onDocumentMouseDown_:bf
showSeverityLevel:kh
cursorTrackingHideDelayMs_:Rf
setParent:yc
formatter_:Jd
focusElement_:Ce
defaultButton_:Lc
emptyViewElement_:Nc
maybeHide:Xe
then:T
altKey_:td
LABEL_CLASS_NAME:Hc
sessionContainer_:S
maybeShow:Ye
statesWithTransitionEvents_:ub
setTooltipInternal:sf
activeEl_:G
count_:l
keys_:w
build:Nf
space:Cc
eventLoopId_:ic
scheme_:Ub
listen:h
handleTooltipMouseOut:Ge
isActive_:Pe
requireInteraction_:Dh
escapeToCancel_:Vf
setMessage:rf
autoStates_:vd
refreshButton_:wc
unlisten:aa
hideDelayMs_:Je
shouldHideAsync_:hh
handleBlur:kc
labelRestoreDelayMs:xg
getTooltip:Fb
handleKeyup_:ig
titleTextEl_:Dc
session_:sb
callback:Of
dragger:vh
pageScroll:be
enableCrossIframeDismissal_:Uf
allowFocusableChildren_:If
cancelRemainingTasks:Bd
keyDownKey_:Td
hideOnEscape_:rg
lastFocus_:qc
nameValueSeparator:Eg
preferredAriaRole_:gd
autoHide_:Lf
state_:D
backwardTabWrapInProgress_:xd
nextId_:Fg
focusHandler_:Hd
exceptionText_:Ed
createDom:c
context_:Qf
hasTitleCloseButton_:He
popupHideTransition_:Sb
handler_:Z
sessionIdSpan_:ge
resizeBackground_:ee
showTransition_:Ac
handleMouseEvents_:Nd
setAllowTextSelection:md
isCoordinateInTooltip:Wc
bgEl_:ba
onCreateSession_:Kg
autoSelectTabs_:Mf
hysteresisDistanceSquared_:Le
listener:Ca
eventHandler_:C
cancelButton_:Ad
getAriaRole:lb
queryData_:Ja
bodyElement_:yd
hide_:Mb
msg_:Yd
getContentElement:ja
dispose:B
path_:qb
startTimeProvider_:mh
publishHandler_:lf
isLocked_:Re
dom_:ia
logConsole_:Xd
removed:ua
shutdownId_:Yb
handleAfterSubmit_:Zf
getDomHelper:j
postValue:gf
onTitleCloseClick_:Tg
element_:e
keyPressKey_:Xc
closeButton_:Kc
showLoggerName:ih
titleId_:Bf
model_:Cg
stack_:wf
isPending:Rd
browserEvent:qh
idGenerator_:sg
ffKeyRestoreValue_:Aa
classByLocation_:te
runEventLoop_:bh
title_:Cf
onResizeKey_:$d
updatePendingTabs_:nh
sequenceNumber_:eh
remaining_:Ka
updateKey_:Df
wasDisabled:Ff
reposition_:kd
createFieldSetDom:ye
content_:oa
pendingTabs_:ma
numAbortedFrames_:rc
mouseButtonPressed_:Qb
getBackgroundElement:Qc
arrayStart:Kf
handleOpenItem:kg
enableClassName:hc
browsers_:zd
initializeDom:Vc
proxy:kf
getKeyEventTarget:K
event_:ra
intersection:Oe
showDelayMs_:uf
screenshotDialog_:Vb
banner_:bb
popupShowTransition_:Tb
messagePattern:Bh
controlBlock_:Q
formAttached_:Xf
isReadOnly_:vg
googUiComponentHandler_:Hb
document_:r
handleFormSubmit_:fg
setDraggerLimits_:fh
hasUserSelection:Ie
getState:jc
handleMouseOut:Od
handleMove_:jg
showTimer:ab
legend_:Te
enterDocument:J
parsedStack_:uc
addChildAt:Ic
onDocumentBlur_:af
overflow_:Wg
labelInput_:wg
errback:Be
setTooltip:Ma
getCssClass:W
description_:Ae
handleTabDisable:lg
restoreLabel_:ah
addAll:qd
getClassNames:Db
init:nb
render:Fa
handleFocus_:Fe
label_:Pb
returnValue_:of
contentEl_:dc
setHighlightedIndexFromKeyEvent:ie
value_:Ef
view_:Ga
cursorPosition:gb
deltaX:Ab
listenOnce:Wd
draggable_:Tf
deltaY:Bb
position_:de
dragCanceled:uh
children_:n
fragment_:Pc
lastShowTime_:Vd
resetBackwardTabWrap_:nf
emit:Dd
handleChildMouseEvents:ag
actualEventTarget_:Gf
hotSpotPadding_:pc
onLoadScript_:Pg
enabled_:pa
serverInfo_:pf
handleMouseUp:Pd
isCapturing_:Qe
promise:Da
setValue:zc
class_:ya
keyCode_:Va
elementsToAdd_:ib
handleTooltipMouseOver:Qd
capabilitiesTooltip_:Oa
onLoad_:Qg
handleMouseOutAndBlur:Sc
lastHideTime_:Se
schedulingFrame_:fe
addLogRecord:Hf
allowTextSelection_:sd
createContentDom:xe
handleBlur_:$f
selectedTab_:Y
childTooltip_:xb
getUserSelection:Md
handler:mb
objectStart:Hg
ieProgId_:Me
tabCatcherElement_:xa
input_:Ba
exitDocument:ea
addSession:qe
onFocus_:Og
orientation_:Xa
handleMouseMove:Ib
handleDocumentMouseUp:cg
onRefresh_:df
hasFocus_:Tc
buffer_:eb
openFollowsHighlight_:Vg
confirmDialog_:fb
domain_:gc
tabBar_:A
onKey_:cf
browserSelect_:cb
history_:Nb
handleCloseItem:bg
replacer_:jd
line:zh
showRelativeTime:jh
hideTimer:Lb
boundingBox_:Jc
log_:ta
highlightedIndex_:L
removeAll:Za
platformModifierKey:ce
corner:we
coordinate:Cd
addControlElement:rd
handleWindowLoad_:qg
hidePopupElement_:Ke
buttonEl_:na
setVisible:k
handleHighlightItem:gg
setFocusable:Wb
getHandler:X
alias_:re
handlers_:Kb
inFocusAndSelect_:ug
logBuffer:Ah
onCreate_:Lg
handleContextMenu:lc
attach:ac
lastInsertedChild_:sa
startDrag:xf
scrollTarget_:dh
getLogRecord:Yf
port_:fd
handleTabSelect:ng
getChildren:De
keyMap_:v
creationStack:th
getKeys:Eb
parentTooltip_:ff
setLevel:qf
preName:Zg
listenKeyIn_:yg
indent:Uc
setHighlighted:wa
onDocumentKeyDown_:Ng
getInstance:Qa
events_:Cb
onDisposeCallbacks_:sc
pendingTask_:ed
keyHandler_:la
useIframeMask_:oh
lastKey_:ga
handleUnHighlightItem:pg
reject:Ea
oneshot:Ch
updateAriaState:Na
childElementIdMap_:Ia
stackTrace:Eh
isVisible:p
postName:Yg
ieDragStartCancellingOn_:tg
prefix_:$g
setEnabled:va
openScriptDialog_:Rb
setState:M
wasDecorated_:ph
map_:R
parentEventTarget_:dd
handleTabHide:mg
disposeOnHide_:Sf
slice_:Bc
renderer_:m
version_:oe
isWaiting:yh
onConfirm_:Jg
callOnce:wb
handleDblClick:Ee
handleEscapeKeys_:eg
jsonSerializer_:Sd
continueHidingPopup_:ve
supportedStates_:N
buttons_:ha
onScroll_:Rg
