goog$dom$contains:rb
operaVersion$$inline_37:cb
goog$array$some:ta
part$$inline_261:pe
goog$userAgent$product$detectedCamino_:Bb
wgxpath$Step$Axis$FOLLOWING:Dc
goog$isDef:n
bot$userAgent$ANDROID_VERSION_:md
goog$userAgent$detectedWindows_:Ma
bot$dom$appendVisibleTextLinesFromElement_:Id
goog$userAgent$product$getFirstRegExpGroup_:ed
wgxpath$Node$doRecursiveAttrMatch_:bc
wgxpath$KindTest$isValidType:wc
goog$string$trim:na
wgxpath$BinaryExpr$stringToOpMap_:qc
wgxpath$nsResolver$getResolver:Zc
goog$userAgent$GECKO:y
goog$math$Rect:S
docMode$$inline_39:eb
bot$dom$getOpacityNonIE_:Ld
goog$userAgent$product$detectedIphone_:Cb
JSCompiler_get:h
goog$userAgent$detectedOpera_:Ha
wgxpath$Lexer:Sb
wgxpath$Predicates:Fc
wgxpath$Node$getDescendantNodes:Xb
parts$$inline_259:ne
wgxpath$Step$Axis_:Jc
JSCompiler_StaticMethods_setNeedContextPosition:jc
JSCompiler_StaticMethods_peek:D
core$select$option$createTextLocator_:ke
goog$string$toCamelCase:pa
bot$Keyboard$CHAR_TO_KEY_:Vd
JSCompiler_returnArg:aa
JSCompiler_StaticMethods_checkNextEquals_:Sc
version$$inline_35:ab
goog$partial:ha
bot$dom$getAreaRelativeRect_:Fd
bot$dom$getProperty:sd
bot$window_:ja
bot$userAgent$FIREFOX_EXTENSION:kd
wgxpath$BinaryExpr$createOp_:L
wgxpath$FunctionCall$Func_:uc
wgxpath$nsResolver$nullResolver_:ad
goog$userAgent$isVersionOrHigherCache_:fb
wgxpath$Step:Gc
goog$dom$TAGS_TO_IGNORE_:vb
bot$userAgent$FIREFOX_EXTENSION_IS_ENGINE_VERSION_:hd
wgxpath$Lexer$TOKEN_:Ub
wgxpath$FunctionCall$createFunc_:M
JSCompiler_StaticMethods_parseLiteral_:Uc
goog$typeOf:ba
JSCompiler_StaticMethods_parseStep_:Xc
wgxpath$Node$getChildNodesGeneric_:dc
bot$dom$maybeFindImageMap_:Bd
bot$dom$getClientRect:zd
core$text$getTextContent_:he
goog$dom$DomHelper:nb
goog$userAgent$product$detectedAndroid_:Eb
wgxpath$BinaryExpr$Op_:pc
wgxpath$FunctionCall$nameToFuncMap_:vc
bot$locators$partialLinkText:Od
wgxpath$NodeSet$Entry_:ec
wgxpath$PathExpr$ContextHelperExpr:Cc
JSCompiler_StaticMethods_checkNextNotEquals_:Tc
wgxpath$Expr:H
bot$locators$findElement:Rd
goog$array$every:ua
bot$userAgent$IE_DOC_PRE9:qd
bot$userAgent$IE_DOC_PRE8:pd
wgxpath$Context:Ob
wgxpath$FilterExpr:rc
bot$locators$STRATEGIES_:Qd
re$$inline_36:bb
bot$Keyboard$newKey_:Y
bot$Keyboard$Keys$CONTROL:Yd
arr$$inline_38:db
bot$dom$getAttribute:td
goog$string$endsWith:ma
wgxpath$UnaryExpr:Nc
wgxpath$IEAttrWrapper:Qb
goog$userAgent$VERSION:$a
goog$isObject:da
wgxpath$Step$Axis$SELF:Mc
goog$userAgent$isVersionOrHigher:gb
bot$dom$isShown:yd
bot$color$RGB_COLOR_RE_:Ea
goog$bindJs_:fa
core$locators$findElementRecursive_:je
JSCompiler_inline_result$$2:nd
goog$userAgent$IE:x
goog$array$find:va
goog$userAgent$product$CHROME:Mb
L 13:V
wgxpath$XPathResult_:Q
wgxpath$nsResolver$resolveForElement_:$c
wgxpath$Parser:Pc
L 14:Ra
L 11:m
L 12:p
goog$userAgent$product$IPAD:Kb
L 10:s
goog$userAgent$detectedMac_:La
goog$structs$Map:Sd
wgxpath$KindTest:G
bot$dom$getOpacity:Cd
modifiersMap$$inline_132:ae
bot$color$COLOR_PROPERTIES_:Aa
L 17:Ta
L 18:Ua
wgxpath$PathExpr:zc
wgxpath$Step$Axis$PRECEDING:Ec
L 15:Sa
L 16:Va
JSCompiler_StaticMethods_cleanupKeysArray_:Ud
bot$locators$xpath:R
goog$math$Box:rd
wgxpath$PathExpr$RootHelperExpr:Bc
goog$userAgent$product$ANDROID:Lb
JSCompiler_StaticMethods_checkNotEmpty_:P
bot$color$VALID_HEX_COLOR_RE_:Ca
bot$locators$css:Nd
bot$color$HEX_TRIPLET_RE_:Ba
goog$dom$compareNodeOrder:sb
JSCompiler_StaticMethods_asNumber:J
goog$dom$compareSiblingOrder_:tb
wgxpath$Step$Axis$PARENT:Lc
goog$string$startsWith:la
JSCompiler_StaticMethods_asString:K
bot$Keyboard$Keys$ALT:Zd
bot$dom$appendVisibleTextLinesFromTextNode_:Kd
wgxpath$XPathNSResolver_:cd
goog$userAgent$DOCUMENT_MODE:ib
goog$dom$getNextElementNode_:qb
wgxpath$Node$getDescendantNodesIEPre9_:Yb
JSCompiler_StaticMethods_parsePredicates_:Yc
goog$userAgent$detectedIe_:Ia
goog$dom$getAncestor:yb
goog$debug$Error:ka
JSCompiler_StaticMethods_evaluatePredicates:sc
core$locators$elementFindFirstMatchingChild:ie
bot$Keyboard$Keys$META:$d
goog$userAgent$product$VERSION:fd
bot$Keyboard$Keys$SHIFT:Xd
goog$array$filter:ra
goog$bindNative_:ea
L 0:a
goog$dom$getElementsByTagNameAndClass_:ob
L 1:b
L 2:c
doc$$inline_41:hb
goog$isString:q
L 3:d
wgxpath$Lexer$tokenize:Tb
wgxpath$NodeSet:F
goog$userAgent$product$SAFARI:Nb
goog$array$forEach:u
goog$dom$getOwnerDocument:A
L 9:N
wgxpath$Step$Axis$CHILD:Hc
L 8:r
L 7:l
L 6:g
core$filters$Filters_:be
L 5:f
wgxpath$Node$getChildNodesIEPre9_:cc
bot$Keyboard$Key:Wd
L 4:e
goog$dom$getViewportSize_:pb
JSCompiler_StaticMethods_getKeys:Td
bot$color$RGBA_COLOR_RE_:Da
JSCompiler_StaticMethods_asBool:lc
wgxpath$NodeSet$Iterator:ic
wgxpath$XPathExpression_:bd
goog$userAgent$product$detectedChrome_:Fb
wgxpath$Step$Axis$ATTRIBUTE:Ac
bot$dom$SPLIT_STYLE_ATTRIBUTE_ON_SEMICOLONS_REGEXP_:ud
ua$$inline_29:Oa
JSCompiler_StaticMethods_parseUnaryExpr_:Rc
bot$dom$OverflowState$HIDDEN:W
JSCompiler_StaticMethods_parseExpr:Qc
goog$color$names:za
core$select$option$Locators_:le
JSCompiler_StaticMethods_parsePathExpr_:Wc
bot$dom$getVisibleText:Hd
ua$$inline_43:B
goog$userAgent$detectedWebkit_:Ja
bot$dom$INLINE_DISPLAY_BOXES_:Jd
bot$dom$getParentElement:wd
core$Error:Z
goog$inherits:t
bot$dom$getOverflowState:Ad
bot$dom$trimExcludingNonBreakingSpaceCharacters_:Gd
JSCompiler_StaticMethods_setNeedContextNode:kc
JSCompiler_StaticMethods_getElementsByTagNameAndClass:zb
goog$userAgent$getUserAgentString:Na
wgxpath$NodeSet$merge:fc
JSCompiler_StaticMethods_iterator:hc
bot$dom$getCascadedStyle_:xd
goog$array$reduce:sa
bot$Error:v
goog$array$contains:wa
goog$dom$PREDEFINED_TAG_VALUES_:wb
core$patternMatcher$regexpi_:de
goog$dom$getDomHelper:z
wgxpath$Number:yc
goog$userAgent$WEBKIT:Qa
bot$dom$isElement:T
wgxpath$BinaryExpr$Op$EQUAL:nc
wgxpath$BinaryExpr$compare_:oc
goog$userAgent$detectedGecko_:Ka
bot$dom$CSS_TRANSFORM_MATRIX_REGEX_:Ed
cur$$inline_260:oe
wgxpath$Lexer$LEADING_WHITESPACE_:Vb
goog$userAgent$product$FIREFOX:Hb
goog$dom$NodeType$TEXT:mb
bot$Error$State$UNKNOWN_ERROR:Ga
goog$array$concat:xa
wgxpath$Node$getDescendantNodesGeneric_:Zb
goog$userAgent$product$detectedSafari_:Gb
navigator$$inline_30:Pa
wgxpath$FunctionCall:tc
navigator$$inline_32:Xa
bot$userAgent:gd
wgxpath$UnionExpr:Oc
wgxpath$BinaryExpr:mc
wgxpath$Node$attrMatches:Wb
bot$userAgent$FIREFOX_EXTENSION_IS_PRODUCT_VERSION_:id
goog$dom$compareParentsDescendantNodeIe_:ub
wgxpath$Node$getNameFromTestIEPre9_:ac
match$$inline_99:od
bot$locators$tagName:Pd
wgxpath$Step$nameToAxisMap_:Kc
goog$userAgent$product$IPHONE:Jb
wgxpath$Step$Axis$DESCENDANT_OR_SELF:Ic
bot$userAgent$isProductVersion:ld
bot$Error$CODE_TO_STATE_:Fa
goog$string$compareVersions:oa
goog$bind:ga
goog$math$Coordinate:kb
goog$now:ia
goog$userAgent$getDocumentMode_:Za
wgxpath$Node$getValueAsString:E
bot$userAgent$isEngineVersion:jd
goog$userAgent$product$detectedIpad_:Db
goog$dom$getTextContent_:xb
core$patternMatcher$against:ge
bot$dom$getEffectiveStyle:U
goog$userAgent$OPERA:w
wgxpath$Literal:xc
bot$dom$getClientRegion:Dd
wgxpath$Expr$indent:I
goog$userAgent$product$detectedFirefox_:Ab
wgxpath$IEAttrWrapper$forAttrOf:Rb
goog$global:k
goog$array$ARRAY_PROTOTYPE_:qa
wgxpath$Step$createAxis_:O
goog$userAgent$LINUX:Ya
goog$userAgent$product$CAMINO:Ib
JSCompiler_StaticMethods_getFirst:gc
core$patternMatcher$KNOWN_STRATEGIES_:fe
goog$dom$defaultDomHelper_:jb
wgxpath$userAgent$IE_DOC_PRE_8:Pb
core$patternMatcher$regexp_:ce
core$LocatorStrategies:$
wgxpath$userAgent$IE_DOC_PRE_9:C
goog$isFunction:ca
bot$locators$className:Md
wgxpath$NameTest:$b
goog$array$slice:ya
bot$dom$standardizeStyleAttribute_:vd
opt_object$$inline_257:me
core$patternMatcher$convertGlobMetaCharsToRegexpMetaChars_:ee
JSCompiler_StaticMethods_parseNameTest_:Vc
bot$locators$linkText:X
goog$math$Size:lb
goog$userAgent$PLATFORM:Wa
wgxpath$install:dd
