tokens_:W
maxArgs_:T
single:q
descendants_:Q
precedence_:ia
predicates_:d
stored_:Fa
needContextPosition_:s
steps_:G
typeName_:na
expr_:$
paths_:K
shiftChar:Ja
doesNeedContextPosition:f
text_:ma
nodeset_:Aa
implicit_:xa
axis_:t
lastReturned_:S
opString_:Da
right_:ka
dataType_:h
IE:Ha
checkElement_:P
strategyName:Ka
args_:N
reverse_:A
filter_:aa
needContextNodeWithoutArgs_:za
compare:va
needContextNodeWithArgs_:ya
nodesetsRequired_:Ba
image:ca
prev:w
many:r
single_:la
op_:V
node:p
gecko:b
DEFAULT_RESOLVER_:ra
primary_:ja
identifier_:ba
length_:D
getLength:o
namespaceUri_:U
value_:oa
parentSourceIndex_:Ia
getQuickAttr:u
type_:l
first_:i
findOption:H
last_:m
count_:C
nextId:ha
keys_:g
minArgs_:ga
name_:j
position_:Ea
character:ta
supportsQuickAttr_:Ga
superClass_:La
index_:J
literal_:ea
needContextNode_:k
node_:e
canUseQuerySelector_:X
xpath_:qa
map_:v
quickAttr_:F
ieWebkit:c
valueExpr:B
func_:I
svg:Ma
many_:fa
evaluate_:n
version_:pa
assertSelected:O
alt_:sa
class_:ua
lexer_:a
nsResolver_:Ca
dom_:Z
string:L
document_:R
test_:M
id_:wa
current_:Y
left_:da
