goog$dom$contains:qb
operaVersion$$inline_34:$a
goog$array$some:va
goog$userAgent$product$detectedCamino_:Bb
wgxpath$Step$Axis$FOLLOWING:Ec
bot$events$SUPPORTS_TOUCH_EVENTS:Pd
bot$events$EventFactory_:V
bot$userAgent$ANDROID_VERSION_:nd
bot$dom$appendVisibleTextLinesFromElement_:Ld
goog$userAgent$product$getFirstRegExpGroup_:fd
wgxpath$Node$doRecursiveAttrMatch_:cc
wgxpath$KindTest$isValidType:xc
docMode$$inline_36:bb
goog$string$trim:oa
wgxpath$BinaryExpr$stringToOpMap_:rc
bot$events$EventType$MOUSEPIXELSCROLL:Sd
wgxpath$nsResolver$getResolver:$c
goog$userAgent$GECKO:z
bot$events$EventType$MOUSEOVER:Ud
goog$math$Rect:R
bot$dom$getOpacityNonIE_:Od
goog$userAgent$product$detectedIphone_:Cb
JSCompiler_get:k
goog$userAgent$detectedOpera_:Ja
wgxpath$Lexer:Tb
wgxpath$Predicates:Gc
wgxpath$Node$getDescendantNodes:Yb
wgxpath$Step$Axis_:Kc
bot$events$EventType$MOUSEWHEEL:Vd
JSCompiler_StaticMethods_setNeedContextPosition:kc
version$$inline_32:Ya
JSCompiler_StaticMethods_peek:D
bot$events$EventType:$d
goog$string$toCamelCase:qa
JSCompiler_returnArg:aa
JSCompiler_StaticMethods_checkNextEquals_:Tc
goog$partial:ia
bot$dom$getAreaRelativeRect_:Id
bot$dom$getProperty:vd
bot$window_:ka
bot$userAgent$FIREFOX_EXTENSION:ld
wgxpath$BinaryExpr$createOp_:L
wgxpath$FunctionCall$Func_:vc
wgxpath$nsResolver$nullResolver_:bd
goog$userAgent$isVersionOrHigherCache_:cb
wgxpath$Step:Hc
goog$dom$TAGS_TO_IGNORE_:ub
bot$userAgent$FIREFOX_EXTENSION_IS_ENGINE_VERSION_:id
wgxpath$Lexer$TOKEN_:Vb
wgxpath$FunctionCall$createFunc_:M
JSCompiler_StaticMethods_parseLiteral_:Vc
goog$typeOf:ba
bot$events$MSGestureEventFactory_:Zd
JSCompiler_StaticMethods_parseStep_:Yc
wgxpath$Node$getChildNodesGeneric_:ec
bot$dom$maybeFindImageMap_:Ed
bot$dom$getClientRect:Cd
bot$events$EventType$KEYPRESS:Xd
core$text$getTextContent_:me
goog$dom$DomHelper:kb
goog$userAgent$product$detectedAndroid_:Eb
wgxpath$BinaryExpr$Op_:qc
goog$style$getClientViewportElement:ud
wgxpath$FunctionCall$nameToFuncMap_:wc
bot$locators$partialLinkText:de
wgxpath$NodeSet$Entry_:fc
wgxpath$PathExpr$ContextHelperExpr:Dc
JSCompiler_StaticMethods_checkNextNotEquals_:Uc
wgxpath$Expr:H
bot$locators$findElement:ge
goog$array$every:wa
bot$userAgent$IE_DOC_PRE9:sd
bot$userAgent$IE_DOC_PRE8:rd
wgxpath$Context:Ob
wgxpath$FilterExpr:sc
bot$locators$STRATEGIES_:fe
re$$inline_33:Za
arr$$inline_35:ab
goog$isNumber:ca
bot$dom$getAttribute:wd
JSCompiler_prototypeAlias:m
goog$string$endsWith:na
wgxpath$UnaryExpr:Oc
wgxpath$IEAttrWrapper:Rb
goog$userAgent$VERSION:Xa
goog$isObject:ea
wgxpath$Step$Axis$SELF:Nc
goog$userAgent$isVersionOrHigher:db
bot$dom$isShown:Bd
bot$color$RGB_COLOR_RE_:Ga
goog$bindJs_:ga
bot$events$EventType$MOUSEOUT:Td
JSCompiler_inline_result$$1:pd
core$locators$findElementRecursive_:oe
goog$userAgent$IE:y
goog$array$find:xa
goog$userAgent$product$CHROME:Mb
L 13:X
wgxpath$XPathResult_:P
wgxpath$nsResolver$resolveForElement_:ad
wgxpath$Parser:Qc
L 14:Ra
L 11:p
L 12:q
goog$userAgent$product$IPAD:Kb
L 10:t
wgxpath$KindTest:G
JSCompiler_StaticMethods_getDocumentScrollElement:zb
bot$dom$getOpacity:Fd
bot$color$COLOR_PROPERTIES_:Ca
L 17:Ta
L 18:Ua
wgxpath$PathExpr:Ac
wgxpath$Step$Axis$PRECEDING:Fc
L 15:Sa
L 16:Va
bot$locators$xpath:Q
goog$math$Box:td
part$$inline_231:te
wgxpath$PathExpr$RootHelperExpr:Cc
goog$userAgent$product$ANDROID:Lb
JSCompiler_StaticMethods_checkNotEmpty_:O
bot$color$VALID_HEX_COLOR_RE_:Ea
bot$locators$css:ce
bot$color$HEX_TRIPLET_RE_:Da
goog$dom$compareNodeOrder:rb
JSCompiler_StaticMethods_asNumber:J
goog$dom$compareSiblingOrder_:sb
wgxpath$Step$Axis$PARENT:Mc
goog$string$startsWith:ma
JSCompiler_StaticMethods_asString:K
bot$dom$appendVisibleTextLinesFromTextNode_:Nd
wgxpath$XPathNSResolver_:dd
goog$userAgent$DOCUMENT_MODE:fb
goog$dom$getNextElementNode_:pb
wgxpath$Node$getDescendantNodesIEPre9_:Zb
JSCompiler_StaticMethods_parsePredicates_:Zc
goog$userAgent$detectedIe_:Ka
goog$dom$getAncestor:xb
goog$debug$Error:la
JSCompiler_StaticMethods_evaluatePredicates:tc
core$locators$elementFindFirstMatchingChild:ne
goog$userAgent$product$VERSION:gd
goog$array$filter:sa
goog$bindNative_:fa
L 0:a
goog$dom$getElementsByTagNameAndClass_:lb
L 1:b
L 2:c
goog$isString:s
L 3:d
wgxpath$Lexer$tokenize:Ub
wgxpath$NodeSet:F
goog$userAgent$product$SAFARI:Nb
core$events$getEventFactory_:pe
goog$array$forEach:v
goog$dom$getOwnerDocument:B
doc$$inline_38:eb
L 9:n
wgxpath$Step$Axis$CHILD:Ic
L 8:l
L 7:h
L 6:g
cur$$inline_230:se
core$filters$Filters_:he
L 5:f
wgxpath$Node$getChildNodesIEPre9_:dc
L 4:e
goog$dom$getViewportSize_:mb
bot$color$RGBA_COLOR_RE_:Fa
JSCompiler_StaticMethods_asBool:mc
wgxpath$NodeSet$Iterator:jc
wgxpath$XPathExpression_:cd
goog$userAgent$product$detectedChrome_:Fb
wgxpath$Step$Axis$ATTRIBUTE:Bc
bot$dom$SPLIT_STYLE_ATTRIBUTE_ON_SEMICOLONS_REGEXP_:xd
bot$events$BROKEN_TOUCH_API_:Qd
ua$$inline_29:Oa
goog$dom$isCss1CompatMode_:nb
bot$events$SUPPORTS_MSPOINTER_EVENTS:Rd
JSCompiler_StaticMethods_parseUnaryExpr_:Sc
bot$dom$OverflowState$HIDDEN:U
JSCompiler_StaticMethods_parseExpr:Rc
goog$color$names:Ba
JSCompiler_StaticMethods_parsePathExpr_:Xc
ua$$inline_40:C
bot$dom$getVisibleText:Kd
goog$userAgent$detectedWebkit_:La
bot$dom$INLINE_DISPLAY_BOXES_:Md
bot$dom$getParentElement:zd
core$Error:ae
goog$inherits:u
bot$dom$getOverflowState:Dd
bot$dom$trimExcludingNonBreakingSpaceCharacters_:Jd
JSCompiler_StaticMethods_setNeedContextNode:lc
JSCompiler_StaticMethods_getElementsByTagNameAndClass:yb
goog$userAgent$getUserAgentString:Na
wgxpath$NodeSet$merge:gc
JSCompiler_StaticMethods_iterator:ic
bot$dom$getCascadedStyle_:Ad
goog$array$reduce:ua
bot$Error:w
goog$array$contains:ya
bot$events$MSPointerEventFactory_:Y
goog$dom$PREDEFINED_TAG_VALUES_:vb
core$patternMatcher$regexpi_:je
goog$dom$getDomHelper:A
wgxpath$Number:zc
goog$userAgent$WEBKIT:Qa
bot$events$KeyboardEventFactory_:Wd
bot$dom$isElement:S
wgxpath$BinaryExpr$Op$EQUAL:oc
wgxpath$BinaryExpr$compare_:pc
goog$userAgent$detectedGecko_:Ma
bot$dom$CSS_TRANSFORM_MATRIX_REGEX_:Hd
wgxpath$Lexer$LEADING_WHITESPACE_:Wb
goog$userAgent$product$FIREFOX:Hb
goog$dom$NodeType$TEXT:jb
bot$Error$State$UNKNOWN_ERROR:Ia
goog$array$concat:za
wgxpath$Node$getDescendantNodesGeneric_:$b
goog$userAgent$product$detectedSafari_:Gb
navigator$$inline_30:Pa
wgxpath$FunctionCall:uc
opt_object$$inline_227:qe
bot$userAgent:hd
wgxpath$UnionExpr:Pc
wgxpath$BinaryExpr:nc
wgxpath$Node$attrMatches:Xb
bot$userAgent$FIREFOX_EXTENSION_IS_PRODUCT_VERSION_:jd
goog$dom$compareParentsDescendantNodeIe_:tb
wgxpath$Node$getNameFromTestIEPre9_:bc
match$$inline_99:qd
bot$locators$tagName:ee
wgxpath$Step$nameToAxisMap_:Lc
bot$userAgent$IOS:od
goog$userAgent$product$IPHONE:Jb
wgxpath$Step$Axis$DESCENDANT_OR_SELF:Jc
bot$userAgent$isProductVersion:md
bot$Error$CODE_TO_STATE_:Ha
goog$string$compareVersions:pa
goog$bind:ha
goog$math$Coordinate:hb
goog$now:ja
goog$userAgent$getDocumentMode_:Wa
wgxpath$Node$getValueAsString:E
goog$array$map:ta
bot$userAgent$isEngineVersion:kd
goog$userAgent$product$detectedIpad_:Db
goog$dom$getTextContent_:wb
bot$dom$getEffectiveStyle:T
goog$userAgent$OPERA:x
wgxpath$Literal:yc
bot$events$MouseEventFactory_:W
bot$dom$getClientRegion:Gd
wgxpath$Expr$indent:I
goog$userAgent$product$detectedFirefox_:Ab
wgxpath$IEAttrWrapper$forAttrOf:Sb
goog$global:r
goog$array$ARRAY_PROTOTYPE_:ra
wgxpath$Step$createAxis_:N
goog$userAgent$product$CAMINO:Ib
JSCompiler_StaticMethods_getFirst:hc
core$patternMatcher$KNOWN_STRATEGIES_:le
goog$dom$defaultDomHelper_:gb
wgxpath$userAgent$IE_DOC_PRE_8:Qb
core$patternMatcher$regexp_:ie
core$LocatorStrategies:$
wgxpath$userAgent$IE_DOC_PRE_9:Pb
goog$isFunction:da
bot$events$TouchEventFactory_:Yd
bot$locators$className:be
wgxpath$NameTest:ac
goog$array$slice:Aa
bot$dom$standardizeStyleAttribute_:yd
core$patternMatcher$convertGlobMetaCharsToRegexpMetaChars_:ke
goog$dom$getWindow:ob
JSCompiler_StaticMethods_parseNameTest_:Wc
bot$locators$linkText:Z
parts$$inline_229:re
goog$math$Size:ib
wgxpath$install:ed
