goog$dom$contains:rb
operaVersion$$inline_33:$a
goog$array$some:wa
goog$userAgent$product$detectedCamino_:Cb
wgxpath$Step$Axis$FOLLOWING:Gc
bot$events$SUPPORTS_TOUCH_EVENTS:Wd
goog$isDef:ca
bot$events$EventFactory_:V
bot$userAgent$ANDROID_VERSION_:pd
bot$dom$appendVisibleTextLinesFromElement_:Sd
goog$userAgent$product$getFirstRegExpGroup_:hd
wgxpath$Node$doRecursiveAttrMatch_:ec
wgxpath$KindTest$isValidType:zc
goog$string$trim:pa
docMode$$inline_35:bb
wgxpath$BinaryExpr$stringToOpMap_:tc
part$$inline_250:Ae
bot$events$EventType$MOUSEPIXELSCROLL:Zd
wgxpath$nsResolver$getResolver:bd
goog$style$getStyle_:xd
goog$userAgent$GECKO:z
bot$events$EventType$MOUSEOVER:ae
goog$math$Rect:R
bot$dom$getOpacityNonIE_:Vd
goog$userAgent$product$detectedIphone_:Db
JSCompiler_get:l
goog$userAgent$detectedOpera_:Ka
goog$style$getOffsetParent:Ad
wgxpath$Lexer:Vb
wgxpath$Predicates:Ic
wgxpath$Node$getDescendantNodes:$b
wgxpath$Step$Axis_:Mc
bot$events$EventType$MOUSEWHEEL:be
JSCompiler_StaticMethods_setNeedContextPosition:mc
version$$inline_31:Ta
JSCompiler_StaticMethods_peek:D
bot$events$EventType:ge
goog$string$toCamelCase:ra
JSCompiler_returnArg:aa
JSCompiler_StaticMethods_checkNextEquals_:Vc
goog$partial:ja
bot$dom$getAreaRelativeRect_:Pd
bot$dom$getProperty:Cd
bot$window_:la
bot$userAgent$FIREFOX_EXTENSION:nd
wgxpath$BinaryExpr$createOp_:L
wgxpath$FunctionCall$Func_:xc
wgxpath$nsResolver$nullResolver_:dd
goog$userAgent$isVersionOrHigherCache_:cb
wgxpath$Step:Jc
goog$dom$TAGS_TO_IGNORE_:vb
bot$userAgent$FIREFOX_EXTENSION_IS_ENGINE_VERSION_:kd
wgxpath$Lexer$TOKEN_:Xb
wgxpath$FunctionCall$createFunc_:M
JSCompiler_StaticMethods_parseLiteral_:Xc
goog$typeOf:ba
bot$events$MSGestureEventFactory_:fe
JSCompiler_StaticMethods_parseStep_:$c
wgxpath$Node$getChildNodesGeneric_:gc
bot$dom$maybeFindImageMap_:Ld
bot$dom$getClientRect:Jd
bot$events$EventType$KEYPRESS:de
core$text$getTextContent_:te
goog$dom$DomHelper:kb
goog$userAgent$product$detectedAndroid_:Fb
wgxpath$BinaryExpr$Op_:sc
goog$style$getClientViewportElement:yd
wgxpath$FunctionCall$nameToFuncMap_:yc
bot$locators$partialLinkText:ke
wgxpath$NodeSet$Entry_:hc
wgxpath$PathExpr$ContextHelperExpr:Fc
JSCompiler_StaticMethods_checkNextNotEquals_:Wc
wgxpath$Expr:H
bot$locators$findElement:ne
goog$array$every:xa
bot$userAgent$IE_DOC_PRE9:ud
bot$userAgent$IE_DOC_PRE8:td
wgxpath$Context:Qb
wgxpath$FilterExpr:uc
bot$locators$STRATEGIES_:me
re$$inline_32:Ua
arr$$inline_34:ab
goog$isNumber:da
bot$dom$getAttribute:Dd
JSCompiler_prototypeAlias:m
goog$string$endsWith:oa
wgxpath$UnaryExpr:Qc
wgxpath$IEAttrWrapper:Tb
goog$userAgent$VERSION:Sa
goog$isObject:fa
wgxpath$Step$Axis$SELF:Pc
goog$userAgent$isVersionOrHigher:db
bot$dom$isShown:Id
bot$color$RGB_COLOR_RE_:Ha
goog$bindJs_:ha
bot$events$EventType$MOUSEOUT:$d
JSCompiler_inline_result$$1:rd
core$locators$findElementRecursive_:ve
goog$userAgent$IE:y
goog$array$find:ya
goog$userAgent$product$CHROME:Ob
L 13:Y
wgxpath$XPathResult_:P
wgxpath$nsResolver$resolveForElement_:cd
wgxpath$Parser:Sc
L 14:Va
L 11:q
L 12:r
goog$userAgent$product$IPAD:Mb
L 10:p
wgxpath$KindTest:G
JSCompiler_StaticMethods_getDocumentScrollElement:Ab
bot$dom$getOpacity:Md
bot$color$COLOR_PROPERTIES_:Da
L 17:Xa
L 18:Ya
wgxpath$PathExpr:Cc
wgxpath$Step$Axis$PRECEDING:Hc
L 15:Wa
L 16:Za
bot$locators$xpath:Q
goog$math$Box:vd
wgxpath$PathExpr$RootHelperExpr:Ec
goog$userAgent$product$ANDROID:Nb
JSCompiler_StaticMethods_checkNotEmpty_:O
bot$color$VALID_HEX_COLOR_RE_:Fa
bot$locators$css:je
bot$color$HEX_TRIPLET_RE_:Ea
goog$dom$compareNodeOrder:sb
JSCompiler_StaticMethods_asNumber:J
goog$dom$compareSiblingOrder_:tb
wgxpath$Step$Axis$PARENT:Oc
goog$string$startsWith:na
JSCompiler_StaticMethods_asString:K
bot$dom$appendVisibleTextLinesFromTextNode_:Ud
wgxpath$XPathNSResolver_:fd
goog$userAgent$DOCUMENT_MODE:fb
goog$dom$getNextElementNode_:qb
wgxpath$Node$getDescendantNodesIEPre9_:ac
JSCompiler_StaticMethods_parsePredicates_:ad
goog$userAgent$detectedIe_:La
goog$dom$getAncestor:yb
goog$debug$Error:ma
JSCompiler_StaticMethods_evaluatePredicates:vc
core$locators$elementFindFirstMatchingChild:ue
goog$userAgent$product$VERSION:id
goog$array$filter:ta
goog$bindNative_:ga
L 0:a
goog$dom$getElementsByTagNameAndClass_:lb
L 1:b
L 2:c
goog$isString:t
L 3:d
wgxpath$Lexer$tokenize:Wb
wgxpath$NodeSet:F
goog$userAgent$product$SAFARI:Pb
core$events$getEventFactory_:we
goog$array$forEach:v
goog$dom$getOwnerDocument:C
doc$$inline_37:eb
wgxpath$Step$Axis$CHILD:Kc
L 9:n
L 8:k
L 7:h
L 6:g
core$filters$Filters_:oe
L 5:f
wgxpath$Node$getChildNodesIEPre9_:fc
L 4:e
goog$dom$getViewportSize_:mb
bot$color$RGBA_COLOR_RE_:Ga
JSCompiler_StaticMethods_asBool:oc
wgxpath$NodeSet$Iterator:lc
wgxpath$XPathExpression_:ed
goog$userAgent$product$detectedChrome_:Gb
wgxpath$Step$Axis$ATTRIBUTE:Dc
bot$dom$SPLIT_STYLE_ATTRIBUTE_ON_SEMICOLONS_REGEXP_:Ed
bot$events$BROKEN_TOUCH_API_:Xd
goog$dom$isCss1CompatMode_:nb
bot$events$SUPPORTS_MSPOINTER_EVENTS:Yd
ua$$inline_28:Pa
JSCompiler_StaticMethods_parseUnaryExpr_:Uc
bot$dom$OverflowState$HIDDEN:U
JSCompiler_StaticMethods_parseExpr:Tc
goog$color$names:Ca
JSCompiler_StaticMethods_parsePathExpr_:Zc
bot$dom$getVisibleText:Rd
goog$userAgent$detectedWebkit_:Ma
bot$dom$INLINE_DISPLAY_BOXES_:Td
bot$dom$getParentElement:Gd
core$Error:he
goog$inherits:u
ua$$inline_39:Ib
bot$dom$getOverflowState:Kd
bot$dom$trimExcludingNonBreakingSpaceCharacters_:Qd
JSCompiler_StaticMethods_setNeedContextNode:nc
JSCompiler_StaticMethods_getElementsByTagNameAndClass:zb
cur$$inline_249:ze
goog$userAgent$getUserAgentString:Oa
wgxpath$NodeSet$merge:ic
navigator$$inline_29:Qa
goog$style$getSizeWithDisplay_:Bd
JSCompiler_StaticMethods_iterator:kc
goog$dom$getDocumentScroll_:ob
bot$dom$getCascadedStyle_:Hd
goog$array$reduce:va
bot$Error:w
goog$array$contains:za
bot$events$MSPointerEventFactory_:X
goog$dom$PREDEFINED_TAG_VALUES_:wb
core$patternMatcher$regexpi_:qe
goog$dom$getDomHelper:B
wgxpath$Number:Bc
goog$userAgent$WEBKIT:A
bot$events$KeyboardEventFactory_:ce
bot$dom$isElement:S
wgxpath$BinaryExpr$Op$EQUAL:qc
wgxpath$BinaryExpr$compare_:rc
goog$userAgent$detectedGecko_:Na
bot$dom$CSS_TRANSFORM_MATRIX_REGEX_:Od
wgxpath$Lexer$LEADING_WHITESPACE_:Yb
goog$userAgent$product$FIREFOX:Jb
goog$dom$NodeType$TEXT:jb
bot$Error$State$UNKNOWN_ERROR:Ja
goog$array$concat:Aa
wgxpath$Node$getDescendantNodesGeneric_:bc
goog$userAgent$product$detectedSafari_:Hb
wgxpath$FunctionCall:wc
goog$style$getComputedStyle:wd
bot$userAgent:jd
wgxpath$UnionExpr:Rc
wgxpath$BinaryExpr:pc
wgxpath$Node$attrMatches:Zb
bot$userAgent$FIREFOX_EXTENSION_IS_PRODUCT_VERSION_:ld
goog$dom$compareParentsDescendantNodeIe_:ub
wgxpath$Node$getNameFromTestIEPre9_:dc
match$$inline_98:sd
bot$locators$tagName:le
wgxpath$Step$nameToAxisMap_:Nc
bot$userAgent$IOS:qd
wgxpath$Step$Axis$DESCENDANT_OR_SELF:Lc
goog$userAgent$product$IPHONE:Lb
bot$userAgent$isProductVersion:od
bot$Error$CODE_TO_STATE_:Ia
goog$string$compareVersions:qa
goog$bind:ia
goog$math$Coordinate:hb
goog$now:ka
goog$userAgent$getDocumentMode_:Ra
wgxpath$Node$getValueAsString:E
goog$array$map:ua
bot$userAgent$isEngineVersion:md
goog$userAgent$product$detectedIpad_:Eb
goog$dom$getTextContent_:xb
parts$$inline_248:ye
bot$dom$getEffectiveStyle:T
goog$userAgent$OPERA:x
wgxpath$Literal:Ac
bot$events$MouseEventFactory_:W
bot$dom$getClientRegion:Nd
wgxpath$Expr$indent:I
goog$userAgent$product$detectedFirefox_:Bb
wgxpath$IEAttrWrapper$forAttrOf:Ub
goog$style$getBoundingClientRect_:zd
goog$global:s
opt_object$$inline_246:xe
goog$array$ARRAY_PROTOTYPE_:sa
wgxpath$Step$createAxis_:N
goog$userAgent$product$CAMINO:Kb
JSCompiler_StaticMethods_getFirst:jc
core$patternMatcher$KNOWN_STRATEGIES_:se
goog$dom$defaultDomHelper_:gb
wgxpath$userAgent$IE_DOC_PRE_8:Sb
core$patternMatcher$regexp_:pe
core$LocatorStrategies:$
wgxpath$userAgent$IE_DOC_PRE_9:Rb
goog$isFunction:ea
bot$events$TouchEventFactory_:ee
bot$locators$className:ie
wgxpath$NameTest:cc
goog$array$slice:Ba
bot$dom$standardizeStyleAttribute_:Fd
core$patternMatcher$convertGlobMetaCharsToRegexpMetaChars_:re
goog$dom$getWindow:pb
JSCompiler_StaticMethods_parseNameTest_:Yc
bot$locators$linkText:Z
goog$math$Size:ib
wgxpath$install:gd
