MSLOSTPOINTERCAPTURE:ab
maxArgs_:O
tokens_:R
MOUSEUP:Sa
descendants_:M
precedence_:da
tiltX:wb
tiltY:xb
typeName_:ia
steps_:D
expr_:V
ORIENTATIONCHANGE:ib
paths_:H
text_:ha
implicit_:qa
opString_:wa
right_:fa
checkElement_:L
strategyName:tb
filter_:W
reverse_:w
needContextNodeWithoutArgs_:sa
MOUSEWHEEL:Ta
compare:oa
MSGESTUREEND:Va
nodesetsRequired_:ua
image:Y
KEYUP:Ma
MSGESTURETAP:Ya
prev:v
many:p
single_:ga
op_:Q
DEFAULT_RESOLVER_:la
length_:B
SELECT:kb
namespaceUri_:P
CONTEXTMENU:Da
TOUCHMOVE:ob
first_:g
SUBMIT:lb
last_:j
nextId:ca
supportsQuickAttr_:za
MOUSEMOVE:Oa
literal_:$
cancelable_:t
node_:d
MSPOINTERCANCEL:bb
canUseQuerySelector_:S
BLUR:Aa
func_:F
valueExpr:A
many_:aa
evaluate_:k
MSPOINTERUP:hb
MOUSEOVER:Qa
MOUSEOUT:Pa
DBLCLICK:Ea
string:I
document_:o
test_:J
current_:T
left_:Z
single:n
FOCUS:Fa
predicates_:c
stored_:ya
needContextPosition_:q
FOCUSIN:Ga
CLICK:Ca
INPUT:Ja
MSPOINTERDOWN:cb
MSGESTUREHOLD:Wa
doesNeedContextPosition:e
nodeset_:ta
lastReturned_:N
axis_:r
FOCUSOUT:Ha
KEYPRESS:La
dataType_:f
IE:Ia
KEYDOWN:Ka
args_:K
needContextNodeWithArgs_:ra
node:m
MOUSEDOWN:Na
MSPOINTEROVER:gb
MSPOINTERMOVE:eb
primary_:ea
identifier_:X
getLength:l
value_:ja
parentSourceIndex_:rb
getQuickAttr:u
type_:b
bubbles_:s
MSGESTURESTART:Xa
PROPERTYCHANGE:jb
TEXTINPUT:mb
MSINERTIASTART:$a
name_:h
minArgs_:ba
position_:xa
superClass_:ub
index_:G
MSPOINTEROUT:fb
TOUCHEND:nb
needContextNode_:i
CHANGE:Ba
xpath_:ka
quickAttr_:C
isPrimary:qb
svg:vb
pressure:sb
alt_:ma
MOUSEPIXELSCROLL:Ra
class_:na
TOUCHSTART:pb
lexer_:a
nsResolver_:va
dom_:U
MSGOTPOINTERCAPTURE:Za
id_:pa
MSGESTURECHANGE:Ua
