tokens_:P
maxArgs_:M
single:n
descendants_:J
precedence_:ba
predicates_:b
stored_:wa
needContextPosition_:p
steps_:A
typeName_:ga
expr_:T
paths_:D
doesNeedContextPosition:d
text_:fa
nodeset_:ra
implicit_:oa
axis_:q
lastReturned_:L
opString_:ua
right_:da
dataType_:e
IE:ya
checkElement_:I
strategyName:Aa
args_:H
reverse_:t
filter_:U
needContextNodeWithoutArgs_:qa
compare:ma
needContextNodeWithArgs_:pa
nodesetsRequired_:sa
image:W
prev:s
many:o
single_:ea
op_:O
node:m
DEFAULT_RESOLVER_:ja
primary_:ca
identifier_:V
length_:v
getLength:l
namespaceUri_:N
value_:ha
parentSourceIndex_:za
getQuickAttr:r
type_:i
first_:f
last_:j
nextId:aa
minArgs_:$
name_:g
position_:va
supportsQuickAttr_:xa
superClass_:Ba
index_:C
literal_:Y
needContextNode_:h
node_:c
canUseQuerySelector_:Q
xpath_:ia
quickAttr_:w
valueExpr:u
func_:B
svg:Ca
many_:Z
evaluate_:k
alt_:ka
class_:la
lexer_:a
nsResolver_:ta
dom_:S
string:F
document_:K
test_:G
id_:na
current_:R
left_:X
