goog$dom$contains:Ib
goog$array$some:ub
wgxpath$Step$Axis$FOLLOWING:Lc
goog$userAgent$product$detectedCamino_:Sa
docMode$$inline_20:Ha
version$$inline_16:Da
bot$userAgent$ANDROID_VERSION_:mb
bot$dom$appendVisibleTextLinesFromElement_:Dd
goog$userAgent$product$getFirstRegExpGroup_:eb
wgxpath$Node$doRecursiveAttrMatch_:kc
wgxpath$KindTest$isValidType:Ec
goog$string$trim:qa
wgxpath$BinaryExpr$stringToOpMap_:yc
wgxpath$nsResolver$getResolver:gd
goog$userAgent$GECKO:x
goog$math$Rect:V
bot$dom$getOpacityNonIE_:Gd
goog$userAgent$product$detectedIphone_:Ta
JSCompiler_get:k
goog$userAgent$detectedOpera_:ta
wgxpath$Lexer:bc
wgxpath$Predicates:Nc
wgxpath$Node$getDescendantNodes:fc
wgxpath$Step$Axis_:Rc
JSCompiler_StaticMethods_setNeedContextPosition:rc
JSCompiler_StaticMethods_peek:E
goog$string$toCamelCase:sa
JSCompiler_returnArg:aa
JSCompiler_StaticMethods_checkNextEquals_:$c
goog$partial:ha
bot$dom$getAreaRelativeRect_:Ad
bot$dom$getProperty:nd
bot$window_:la
wgxpath$BinaryExpr$createOp_:O
bot$userAgent$FIREFOX_EXTENSION:kb
wgxpath$FunctionCall$Func_:Cc
wgxpath$nsResolver$nullResolver_:id
wgxpath$Step:Oc
goog$userAgent$isVersionOrHigherCache_:Ia
goog$dom$TAGS_TO_IGNORE_:Mb
bot$userAgent$FIREFOX_EXTENSION_IS_ENGINE_VERSION_:hb
wgxpath$Lexer$TOKEN_:dc
wgxpath$FunctionCall$createFunc_:P
JSCompiler_StaticMethods_parseLiteral_:bd
goog$typeOf:ba
JSCompiler_StaticMethods_parseStep_:ed
wgxpath$Node$getChildNodesGeneric_:mc
bot$dom$maybeFindImageMap_:wd
bot$dom$getClientRect:ud
core$text$getTextContent_:Qd
goog$userAgent$product$detectedAndroid_:Va
goog$dom$DomHelper:Eb
wgxpath$BinaryExpr$Op_:xc
wgxpath$FunctionCall$nameToFuncMap_:Dc
bot$locators$partialLinkText:Hd
wgxpath$NodeSet$Entry_:nc
wgxpath$PathExpr$ContextHelperExpr:Kc
core$text$getElementText:Rd
JSCompiler_StaticMethods_checkNextNotEquals_:ad
wgxpath$Expr:K
bot$locators$findElement:Kd
goog$array$every:vb
bot$userAgent$IE_DOC_PRE9:qb
bot$userAgent$IE_DOC_PRE8:pb
wgxpath$Context:Yb
wgxpath$FilterExpr:zc
bot$locators$STRATEGIES_:Jd
bot$dom$getAttribute:od
goog$string$endsWith:pa
wgxpath$UnaryExpr:Vc
wgxpath$IEAttrWrapper:$b
goog$userAgent$VERSION:Ca
goog$isObject:da
wgxpath$Step$Axis$SELF:Uc
goog$userAgent$isVersionOrHigher:Ja
bot$dom$isShown:td
goog$bindJs_:fa
bot$color$RGB_COLOR_RE_:Xb
doc$$inline_22:Ka
JSCompiler_inline_result$$1:nb
core$locators$findElementRecursive_:Td
operaVersion$$inline_18:Fa
goog$userAgent$IE:v
goog$userAgent$product$CHROME:cb
goog$array$find:wb
L 13:R
wgxpath$XPathResult_:T
wgxpath$nsResolver$resolveForElement_:hd
wgxpath$Parser:Xc
L 14:Ma
L 11:m
L 12:n
goog$userAgent$product$IPAD:ab
L 10:r
wgxpath$KindTest:I
bot$dom$getOpacity:xd
L 17:Oa
bot$color$COLOR_PROPERTIES_:Tb
wgxpath$Step$Axis$PRECEDING:Mc
L 18:Pa
wgxpath$PathExpr:Hc
L 15:Na
L 16:Qa
bot$locators$xpath:U
goog$math$Box:md
wgxpath$PathExpr$RootHelperExpr:Jc
goog$userAgent$product$ANDROID:bb
JSCompiler_StaticMethods_checkNotEmpty_:S
match$$inline_26:ob
bot$color$VALID_HEX_COLOR_RE_:Vb
arr$$inline_19:Ga
bot$locators$css:Rb
goog$dom$compareNodeOrder:Jb
bot$color$HEX_TRIPLET_RE_:Ub
JSCompiler_StaticMethods_asNumber:M
goog$dom$compareSiblingOrder_:Kb
wgxpath$Step$Axis$PARENT:Tc
goog$string$startsWith:oa
JSCompiler_StaticMethods_asString:N
bot$dom$appendVisibleTextLinesFromTextNode_:Fd
wgxpath$XPathNSResolver_:kd
ua$$inline_13:ya
part$$inline_223:Xd
goog$userAgent$DOCUMENT_MODE:La
goog$dom$getNextElementNode_:Hb
wgxpath$Node$getDescendantNodesIEPre9_:gc
JSCompiler_StaticMethods_parsePredicates_:fd
cur$$inline_222:Wd
goog$userAgent$detectedIe_:ua
goog$dom$getAncestor:Pb
goog$debug$Error:ja
ua$$inline_24:y
JSCompiler_StaticMethods_evaluatePredicates:Ac
core$locators$elementFindFirstMatchingChild:Sd
goog$userAgent$product$VERSION:fb
goog$array$filter:sb
goog$bindNative_:ea
L 0:a
goog$dom$getElementsByTagNameAndClass_:Fb
L 1:b
L 2:c
goog$isString:q
L 3:d
wgxpath$Lexer$tokenize:cc
wgxpath$NodeSet:H
goog$userAgent$product$SAFARI:db
goog$array$forEach:z
goog$dom$getOwnerDocument:B
wgxpath$Step$Axis$CHILD:Pc
L 9:w
L 8:l
L 7:h
L 6:g
core$filters$Filters_:Ld
L 5:f
wgxpath$Node$getChildNodesIEPre9_:lc
L 4:e
goog$dom$getViewportSize_:Gb
bot$color$RGBA_COLOR_RE_:Wb
JSCompiler_StaticMethods_asBool:tc
wgxpath$NodeSet$Iterator:qc
wgxpath$XPathExpression_:jd
goog$userAgent$product$detectedChrome_:Wa
wgxpath$Step$Axis$ATTRIBUTE:Ic
bot$dom$SPLIT_STYLE_ATTRIBUTE_ON_SEMICOLONS_REGEXP_:pd
JSCompiler_StaticMethods_parseUnaryExpr_:Zc
bot$dom$OverflowState$HIDDEN:Y
JSCompiler_StaticMethods_parseExpr:Yc
goog$color$names:Sb
JSCompiler_StaticMethods_parsePathExpr_:dd
navigator$$inline_14:za
bot$dom$getVisibleText:Cd
re$$inline_17:Ea
goog$userAgent$detectedWebkit_:va
bot$dom$INLINE_DISPLAY_BOXES_:Ed
bot$dom$getParentElement:rd
core$Error:ka
goog$inherits:s
bot$dom$getOverflowState:vd
bot$dom$trimExcludingNonBreakingSpaceCharacters_:Bd
JSCompiler_StaticMethods_setNeedContextNode:sc
JSCompiler_StaticMethods_getElementsByTagNameAndClass:C
goog$userAgent$getUserAgentString:xa
wgxpath$NodeSet$merge:oc
JSCompiler_StaticMethods_iterator:J
bot$dom$getCascadedStyle_:sd
goog$array$reduce:tb
bot$Error:t
goog$array$contains:xb
goog$dom$PREDEFINED_TAG_VALUES_:Nb
core$patternMatcher$regexpi_:Nd
goog$dom$getDomHelper:A
wgxpath$Number:Gc
goog$userAgent$WEBKIT:Aa
bot$dom$isElement:W
opt_object$$inline_219:Ud
wgxpath$BinaryExpr$Op$EQUAL:vc
wgxpath$BinaryExpr$compare_:wc
goog$userAgent$detectedGecko_:wa
bot$dom$CSS_TRANSFORM_MATRIX_REGEX_:zd
wgxpath$Lexer$LEADING_WHITESPACE_:ec
goog$userAgent$product$FIREFOX:Ya
goog$dom$NodeType$TEXT:Db
bot$Error$State$UNKNOWN_ERROR:na
goog$array$concat:yb
wgxpath$Node$getDescendantNodesGeneric_:hc
goog$userAgent$product$detectedSafari_:Xa
wgxpath$FunctionCall:Bc
wgxpath$UnionExpr:Wc
bot$userAgent:gb
wgxpath$BinaryExpr:uc
wgxpath$Node$attrMatches:G
bot$userAgent$FIREFOX_EXTENSION_IS_PRODUCT_VERSION_:ib
goog$dom$compareParentsDescendantNodeIe_:Lb
wgxpath$Node$getNameFromTestIEPre9_:jc
bot$locators$tagName:Id
wgxpath$Step$nameToAxisMap_:Sc
wgxpath$Step$Axis$DESCENDANT_OR_SELF:Qc
goog$userAgent$product$IPHONE:$a
bot$userAgent$isProductVersion:lb
bot$Error$CODE_TO_STATE_:ma
goog$string$compareVersions:ra
goog$bind:ga
goog$math$Coordinate:Bb
goog$userAgent$getDocumentMode_:Ba
goog$now:ia
wgxpath$Node$getValueAsString:F
bot$userAgent$isEngineVersion:jb
goog$userAgent$product$detectedIpad_:Ua
goog$dom$getTextContent_:Ob
bot$dom$getEffectiveStyle:X
goog$userAgent$OPERA:u
wgxpath$Literal:Fc
bot$dom$getClientRegion:yd
wgxpath$Expr$indent:L
goog$userAgent$product$detectedFirefox_:Ra
wgxpath$IEAttrWrapper$forAttrOf:ac
goog$global:p
goog$array$ARRAY_PROTOTYPE_:rb
wgxpath$Step$createAxis_:Q
goog$userAgent$product$CAMINO:Za
JSCompiler_StaticMethods_getFirst:pc
parts$$inline_221:Vd
core$patternMatcher$KNOWN_STRATEGIES_:Pd
goog$dom$defaultDomHelper_:Ab
wgxpath$userAgent$IE_DOC_PRE_8:Zb
core$patternMatcher$regexp_:Md
core$LocatorStrategies:$
wgxpath$userAgent$IE_DOC_PRE_9:D
goog$isFunction:ca
bot$locators$className:Qb
wgxpath$NameTest:ic
goog$array$slice:zb
bot$dom$standardizeStyleAttribute_:qd
core$patternMatcher$convertGlobMetaCharsToRegexpMetaChars_:Od
JSCompiler_StaticMethods_parseNameTest_:cd
bot$locators$linkText:Z
goog$math$Size:Cb
wgxpath$install:ld
