goog$dom$contains:rb
operaVersion$$inline_36:cb
goog$array$some:ta
part$$inline_263:me
goog$userAgent$product$detectedCamino_:Ab
wgxpath$Step$Axis$FOLLOWING:Cc
goog$isDef:p
bot$userAgent$ANDROID_VERSION_:ld
goog$userAgent$detectedWindows_:Ma
bot$dom$appendVisibleTextLinesFromElement_:Hd
goog$userAgent$product$getFirstRegExpGroup_:dd
wgxpath$Node$doRecursiveAttrMatch_:ac
wgxpath$KindTest$isValidType:vc
goog$string$trim:na
wgxpath$BinaryExpr$stringToOpMap_:pc
wgxpath$nsResolver$getResolver:Yc
goog$userAgent$GECKO:z
goog$math$Rect:T
bot$dom$getOpacityNonIE_:Kd
docMode$$inline_38:eb
goog$userAgent$product$detectedIphone_:Bb
JSCompiler_get:h
goog$userAgent$detectedOpera_:Ha
wgxpath$Lexer:Rb
wgxpath$Predicates:Ec
wgxpath$Node$getDescendantNodes:Wb
wgxpath$Step$Axis_:Ic
JSCompiler_StaticMethods_setNeedContextPosition:ic
version$$inline_34:ab
JSCompiler_StaticMethods_peek:F
goog$string$toCamelCase:pa
bot$Keyboard$CHAR_TO_KEY_:Ud
JSCompiler_returnArg:aa
JSCompiler_StaticMethods_checkNextEquals_:Rc
goog$partial:ha
bot$dom$getAreaRelativeRect_:Ed
bot$dom$getProperty:rd
bot$window_:ja
bot$userAgent$FIREFOX_EXTENSION:jd
wgxpath$BinaryExpr$createOp_:N
wgxpath$FunctionCall$Func_:tc
wgxpath$nsResolver$nullResolver_:$c
goog$userAgent$isVersionOrHigherCache_:fb
wgxpath$Step:Fc
goog$dom$TAGS_TO_IGNORE_:vb
bot$userAgent$FIREFOX_EXTENSION_IS_ENGINE_VERSION_:gd
wgxpath$Lexer$TOKEN_:Tb
wgxpath$FunctionCall$createFunc_:O
JSCompiler_StaticMethods_parseLiteral_:Tc
goog$typeOf:ba
parts$$inline_261:ke
JSCompiler_StaticMethods_parseStep_:Wc
wgxpath$Node$getChildNodesGeneric_:cc
bot$dom$maybeFindImageMap_:Ad
bot$dom$getClientRect:yd
core$text$getTextContent_:ge
goog$dom$DomHelper:nb
goog$userAgent$product$detectedAndroid_:Db
wgxpath$BinaryExpr$Op_:oc
wgxpath$FunctionCall$nameToFuncMap_:uc
bot$locators$partialLinkText:Nd
wgxpath$NodeSet$Entry_:dc
wgxpath$PathExpr$ContextHelperExpr:Bc
JSCompiler_StaticMethods_checkNextNotEquals_:Sc
wgxpath$Expr:J
bot$locators$findElement:Qd
goog$array$every:ua
bot$userAgent$IE_DOC_PRE9:pd
bot$userAgent$IE_DOC_PRE8:od
re$$inline_35:bb
wgxpath$Context:Nb
wgxpath$FilterExpr:qc
bot$locators$STRATEGIES_:Pd
bot$Keyboard$newKey_:Z
bot$Keyboard$Keys$CONTROL:Xd
arr$$inline_37:db
bot$dom$getAttribute:sd
goog$string$endsWith:ma
wgxpath$UnaryExpr:Mc
wgxpath$IEAttrWrapper:Pb
goog$userAgent$VERSION:$a
goog$isObject:da
wgxpath$Step$Axis$SELF:Lc
goog$userAgent$isVersionOrHigher:gb
bot$dom$isShown:xd
bot$color$RGB_COLOR_RE_:Ea
goog$bindJs_:fa
core$locators$findElementRecursive_:ie
JSCompiler_inline_result$$2:md
goog$userAgent$IE:y
goog$array$find:va
goog$userAgent$product$CHROME:Lb
L 13:U
wgxpath$XPathResult_:R
wgxpath$nsResolver$resolveForElement_:Zc
wgxpath$Parser:Oc
L 14:Ra
L 11:n
L 12:q
goog$userAgent$product$IPAD:Jb
L 10:s
goog$userAgent$detectedMac_:La
modifiersMap$$inline_131:$d
goog$structs$Map:Rd
wgxpath$KindTest:I
bot$dom$getOpacity:Bd
bot$color$COLOR_PROPERTIES_:Aa
L 17:Ta
L 18:Ua
wgxpath$PathExpr:yc
wgxpath$Step$Axis$PRECEDING:Dc
L 15:Sa
L 16:Va
JSCompiler_StaticMethods_cleanupKeysArray_:Td
bot$locators$xpath:S
goog$math$Box:qd
wgxpath$PathExpr$RootHelperExpr:Ac
goog$userAgent$product$ANDROID:Kb
JSCompiler_StaticMethods_checkNotEmpty_:Q
bot$color$VALID_HEX_COLOR_RE_:Ca
bot$locators$css:Md
bot$color$HEX_TRIPLET_RE_:Ba
goog$dom$compareNodeOrder:sb
JSCompiler_StaticMethods_asNumber:L
goog$dom$compareSiblingOrder_:tb
wgxpath$Step$Axis$PARENT:Kc
goog$string$startsWith:la
JSCompiler_StaticMethods_asString:M
bot$Keyboard$Keys$ALT:Yd
bot$dom$appendVisibleTextLinesFromTextNode_:Jd
wgxpath$XPathNSResolver_:bd
goog$userAgent$DOCUMENT_MODE:ib
goog$dom$getNextElementNode_:qb
wgxpath$Node$getDescendantNodesIEPre9_:Xb
JSCompiler_StaticMethods_parsePredicates_:Xc
goog$userAgent$detectedIe_:Ia
goog$dom$getAncestor:yb
goog$debug$Error:ka
JSCompiler_StaticMethods_evaluatePredicates:rc
core$locators$elementFindFirstMatchingChild:he
bot$Keyboard$Keys$META:Zd
goog$userAgent$product$VERSION:ed
bot$Keyboard$Keys$SHIFT:Wd
goog$array$filter:ra
goog$bindNative_:ea
L 0:a
goog$dom$getElementsByTagNameAndClass_:ob
L 1:b
L 2:c
goog$isString:r
L 3:d
doc$$inline_40:hb
wgxpath$Lexer$tokenize:Sb
wgxpath$NodeSet:H
goog$userAgent$product$SAFARI:Mb
goog$array$forEach:u
goog$dom$getOwnerDocument:B
L 9:x
wgxpath$Step$Axis$CHILD:Gc
L 8:m
L 7:k
L 6:g
core$filters$Filters_:be
L 5:f
wgxpath$Node$getChildNodesIEPre9_:bc
bot$Keyboard$Key:Vd
L 4:e
goog$dom$getViewportSize_:pb
JSCompiler_StaticMethods_getKeys:Sd
bot$color$RGBA_COLOR_RE_:Da
JSCompiler_StaticMethods_asBool:kc
wgxpath$NodeSet$Iterator:hc
wgxpath$XPathExpression_:ad
goog$userAgent$product$detectedChrome_:Eb
wgxpath$Step$Axis$ATTRIBUTE:zc
bot$dom$SPLIT_STYLE_ATTRIBUTE_ON_SEMICOLONS_REGEXP_:td
ua$$inline_28:Oa
JSCompiler_StaticMethods_parseUnaryExpr_:Qc
bot$dom$OverflowState$HIDDEN:X
JSCompiler_StaticMethods_parseExpr:Pc
goog$color$names:za
JSCompiler_StaticMethods_parsePathExpr_:Vc
ua$$inline_42:D
bot$dom$getVisibleText:Gd
goog$userAgent$detectedWebkit_:Ja
bot$dom$INLINE_DISPLAY_BOXES_:Id
bot$dom$getParentElement:vd
core$Error:ae
goog$inherits:t
bot$dom$getOverflowState:zd
bot$dom$trimExcludingNonBreakingSpaceCharacters_:Fd
JSCompiler_StaticMethods_setNeedContextNode:jc
JSCompiler_StaticMethods_getElementsByTagNameAndClass:C
goog$userAgent$getUserAgentString:Na
wgxpath$NodeSet$merge:ec
navigator$$inline_29:Pa
JSCompiler_StaticMethods_iterator:gc
bot$dom$getCascadedStyle_:wd
goog$array$reduce:sa
bot$Error:v
goog$array$contains:wa
goog$dom$PREDEFINED_TAG_VALUES_:wb
core$patternMatcher$regexpi_:de
goog$dom$getDomHelper:A
wgxpath$Number:xc
goog$userAgent$WEBKIT:Qa
bot$dom$isElement:V
wgxpath$BinaryExpr$Op$EQUAL:mc
wgxpath$BinaryExpr$compare_:nc
goog$userAgent$detectedGecko_:Ka
bot$dom$CSS_TRANSFORM_MATRIX_REGEX_:Dd
wgxpath$Lexer$LEADING_WHITESPACE_:Ub
goog$userAgent$product$FIREFOX:Gb
goog$dom$NodeType$TEXT:mb
bot$Error$State$UNKNOWN_ERROR:Ga
goog$array$concat:xa
cur$$inline_262:le
wgxpath$Node$getDescendantNodesGeneric_:Yb
goog$userAgent$product$detectedSafari_:Fb
navigator$$inline_31:Xa
wgxpath$FunctionCall:sc
bot$userAgent:fd
wgxpath$UnionExpr:Nc
wgxpath$BinaryExpr:lc
wgxpath$Node$attrMatches:Vb
bot$userAgent$FIREFOX_EXTENSION_IS_PRODUCT_VERSION_:hd
goog$dom$compareParentsDescendantNodeIe_:ub
wgxpath$Node$getNameFromTestIEPre9_:$b
match$$inline_98:nd
bot$locators$tagName:Od
wgxpath$Step$nameToAxisMap_:Jc
goog$userAgent$product$IPHONE:Ib
wgxpath$Step$Axis$DESCENDANT_OR_SELF:Hc
bot$userAgent$isProductVersion:kd
bot$Error$CODE_TO_STATE_:Fa
goog$string$compareVersions:oa
goog$bind:ga
goog$math$Coordinate:kb
goog$now:ia
goog$userAgent$getDocumentMode_:Za
wgxpath$Node$getValueAsString:G
bot$userAgent$isEngineVersion:id
goog$userAgent$product$detectedIpad_:Cb
goog$dom$getTextContent_:xb
bot$dom$getEffectiveStyle:W
goog$userAgent$OPERA:w
wgxpath$Literal:wc
bot$dom$getClientRegion:Cd
wgxpath$Expr$indent:K
goog$userAgent$product$detectedFirefox_:zb
wgxpath$IEAttrWrapper$forAttrOf:Qb
goog$global:l
goog$array$ARRAY_PROTOTYPE_:qa
wgxpath$Step$createAxis_:P
goog$userAgent$LINUX:Ya
goog$userAgent$product$CAMINO:Hb
JSCompiler_StaticMethods_getFirst:fc
core$patternMatcher$KNOWN_STRATEGIES_:fe
goog$dom$defaultDomHelper_:jb
wgxpath$userAgent$IE_DOC_PRE_8:Ob
core$patternMatcher$regexp_:ce
core$LocatorStrategies:$
wgxpath$userAgent$IE_DOC_PRE_9:E
goog$isFunction:ca
bot$locators$className:Ld
wgxpath$NameTest:Zb
goog$array$slice:ya
bot$dom$standardizeStyleAttribute_:ud
opt_object$$inline_259:je
core$patternMatcher$convertGlobMetaCharsToRegexpMetaChars_:ee
JSCompiler_StaticMethods_parseNameTest_:Uc
bot$locators$linkText:Y
goog$math$Size:lb
goog$userAgent$PLATFORM:Wa
wgxpath$install:cd
