tokens_:U
maxArgs_:R
single:q
descendants_:O
precedence_:ga
predicates_:d
stored_:Da
needContextPosition_:s
steps_:G
typeName_:la
expr_:Y
paths_:J
shiftChar:Ha
doesNeedContextPosition:f
text_:ka
nodeset_:ya
implicit_:va
axis_:t
lastReturned_:Q
opString_:Ba
right_:ia
dataType_:h
IE:Fa
checkElement_:N
strategyName:Ia
args_:M
reverse_:A
filter_:Z
needContextNodeWithoutArgs_:xa
compare:ta
needContextNodeWithArgs_:wa
nodesetsRequired_:za
image:aa
prev:w
many:r
single_:ja
op_:T
node:p
gecko:b
DEFAULT_RESOLVER_:pa
primary_:ha
identifier_:$
length_:D
getLength:o
namespaceUri_:S
value_:ma
parentSourceIndex_:Ga
getQuickAttr:u
type_:l
first_:i
last_:m
count_:C
nextId:fa
keys_:g
minArgs_:ea
name_:j
position_:Ca
character:ra
supportsQuickAttr_:Ea
superClass_:Ja
index_:I
literal_:ca
needContextNode_:k
node_:e
canUseQuerySelector_:V
xpath_:oa
map_:v
quickAttr_:F
ieWebkit:c
valueExpr:B
func_:H
svg:Ka
many_:da
evaluate_:n
version_:na
alt_:qa
class_:sa
lexer_:a
nsResolver_:Aa
dom_:X
string:K
document_:P
test_:L
id_:ua
current_:W
left_:ba
