goog$userAgent$detectedGecko_:r
core$text$getTextContent_:za
match$$inline_18:ta
goog$userAgent$product$detectedAndroid_:N
goog$userAgent$product$FIREFOX:ea
goog$userAgent$detectedIe_:p
goog$debug$Error:V
goog$userAgent$product$detectedCamino_:K
goog$userAgent$product$VERSION:ka
part$$inline_48:$
goog$userAgent$product$detectedSafari_:P
bot$userAgent:la
navigator$$inline_6:ca
bot$userAgent$FIREFOX_EXTENSION_IS_PRODUCT_VERSION_:qa
L 0:a
bot$userAgent$ANDROID_VERSION_:sa
L 1:c
L 2:b
L 3:d
goog$userAgent$product$SAFARI:ja
goog$userAgent$product$getFirstRegExpGroup_:S
L 9:oa
L 8:na
L 7:ma
L 6:z
goog$userAgent$product$IPHONE:ga
L 5:y
L 4:l
bot$userAgent$isProductVersion:T
goog$string$trim:k
goog$userAgent$product$detectedChrome_:O
opt_object$$inline_44:Aa
goog$string$compareVersions:m
goog$userAgent$getDocumentMode_:A
goog$userAgent$GECKO:w
parts$$inline_46:Y
goog$userAgent$VERSION:B
goog$userAgent$product$detectedIphone_:L
goog$userAgent$product$detectedIpad_:M
goog$userAgent$detectedOpera_:n
core$patternMatcher$against:ya
goog$userAgent$OPERA:u
goog$userAgent$IE:v
JSCompiler_inline_result$$4:U
goog$userAgent$product$CHROME:ia
goog$userAgent$detectedWebkit_:q
core$Error:ua
goog$inherits:h
goog$userAgent$product$detectedFirefox_:J
operaVersion$$inline_10:E
goog$global:e
L 11:f
goog$userAgent$product$IPAD:ha
L 12:g
L 10:pa
goog$partial:aa
ua$$inline_5:t
goog$userAgent$getUserAgentString:s
goog$userAgent$product$CAMINO:fa
bot$window_:ba
bot$userAgent$FIREFOX_EXTENSION:ra
core$patternMatcher$KNOWN_STRATEGIES_:W
arr$$inline_11:F
core$patternMatcher$regexp_:va
cur$$inline_47:Z
goog$userAgent$isVersionOrHigherCache_:H
goog$userAgent$product$ANDROID:R
docMode$$inline_12:G
JSCompiler_temp$$1:X
core$patternMatcher$convertGlobMetaCharsToRegexpMetaChars_:xa
core$patternMatcher$regexpi_:wa
re$$inline_9:D
ua$$inline_16:Q
goog$userAgent$WEBKIT:x
goog$userAgent$DOCUMENT_MODE:da
version$$inline_8:C
doc$$inline_14:I
