goog$dom$contains:mb
operaVersion$$inline_32:Ya
goog$array$some:ta
goog$userAgent$product$detectedCamino_:vb
wgxpath$Step$Axis$FOLLOWING:vc
bot$userAgent$ANDROID_VERSION_:ed
bot$dom$appendVisibleTextLinesFromElement_:Ad
goog$userAgent$product$getFirstRegExpGroup_:Xc
wgxpath$Node$doRecursiveAttrMatch_:Vb
wgxpath$KindTest$isValidType:oc
goog$string$trim:na
docMode$$inline_34:$a
wgxpath$BinaryExpr$stringToOpMap_:ic
wgxpath$nsResolver$getResolver:Rc
goog$userAgent$GECKO:y
goog$math$Rect:V
bot$dom$getOpacityNonIE_:Dd
goog$userAgent$product$detectedIphone_:wb
JSCompiler_get:k
goog$userAgent$detectedOpera_:Ha
wgxpath$Lexer:Mb
wgxpath$Predicates:xc
wgxpath$Node$getDescendantNodes:Qb
wgxpath$Step$Axis_:Bc
JSCompiler_StaticMethods_setNeedContextPosition:bc
version$$inline_30:Wa
JSCompiler_StaticMethods_peek:E
goog$string$toCamelCase:pa
JSCompiler_returnArg:aa
JSCompiler_StaticMethods_checkNextEquals_:Kc
goog$partial:ha
bot$dom$getAreaRelativeRect_:xd
bot$dom$getProperty:kd
bot$window_:ja
bot$userAgent$FIREFOX_EXTENSION:cd
wgxpath$BinaryExpr$createOp_:O
wgxpath$FunctionCall$Func_:mc
wgxpath$nsResolver$nullResolver_:Tc
goog$userAgent$isVersionOrHigherCache_:ab
wgxpath$Step:yc
goog$dom$TAGS_TO_IGNORE_:qb
bot$userAgent$FIREFOX_EXTENSION_IS_ENGINE_VERSION_:$c
wgxpath$Lexer$TOKEN_:Ob
wgxpath$FunctionCall$createFunc_:P
JSCompiler_StaticMethods_parseLiteral_:Mc
goog$typeOf:ba
JSCompiler_StaticMethods_parseStep_:Pc
wgxpath$Node$getChildNodesGeneric_:Xb
bot$dom$maybeFindImageMap_:td
bot$dom$getClientRect:rd
core$text$getTextContent_:Qd
goog$dom$DomHelper:ib
goog$userAgent$product$detectedAndroid_:yb
wgxpath$BinaryExpr$Op_:hc
wgxpath$FunctionCall$nameToFuncMap_:nc
bot$locators$partialLinkText:Gd
wgxpath$NodeSet$Entry_:Yb
wgxpath$PathExpr$ContextHelperExpr:uc
JSCompiler_StaticMethods_checkNextNotEquals_:Lc
wgxpath$Expr:K
bot$locators$findElement:Jd
goog$array$every:ua
bot$userAgent$IE_DOC_PRE9:id
bot$userAgent$IE_DOC_PRE8:hd
wgxpath$Context:Ib
wgxpath$FilterExpr:jc
bot$locators$STRATEGIES_:Id
re$$inline_31:Xa
arr$$inline_33:Za
bot$dom$getAttribute:ld
goog$string$endsWith:ma
wgxpath$UnaryExpr:Fc
wgxpath$IEAttrWrapper:Kb
goog$userAgent$VERSION:Va
goog$isObject:da
wgxpath$Step$Axis$SELF:Ec
goog$userAgent$isVersionOrHigher:bb
bot$dom$isShown:qd
bot$color$RGB_COLOR_RE_:Ea
goog$bindJs_:fa
JSCompiler_inline_result$$1:fd
core$locators$findElementRecursive_:Sd
goog$userAgent$IE:x
goog$array$find:va
goog$userAgent$product$CHROME:Gb
L 13:R
wgxpath$XPathResult_:T
wgxpath$nsResolver$resolveForElement_:Sc
L 14:Ma
wgxpath$Parser:Hc
L 11:m
L 12:n
goog$userAgent$product$IPAD:Eb
L 10:r
wgxpath$KindTest:I
bot$dom$getOpacity:ud
bot$color$COLOR_PROPERTIES_:Aa
L 17:Oa
L 18:Pa
wgxpath$PathExpr:rc
wgxpath$Step$Axis$PRECEDING:wc
L 15:Na
L 16:Qa
bot$locators$xpath:U
goog$math$Box:jd
wgxpath$PathExpr$RootHelperExpr:tc
part$$inline_230:Wd
goog$userAgent$product$ANDROID:Fb
JSCompiler_StaticMethods_checkNotEmpty_:S
bot$color$VALID_HEX_COLOR_RE_:Ca
bot$locators$css:Fd
bot$color$HEX_TRIPLET_RE_:Ba
goog$dom$compareNodeOrder:nb
JSCompiler_StaticMethods_asNumber:M
goog$dom$compareSiblingOrder_:ob
goog$string$startsWith:la
wgxpath$Step$Axis$PARENT:Dc
JSCompiler_StaticMethods_asString:N
bot$dom$appendVisibleTextLinesFromTextNode_:Cd
wgxpath$XPathNSResolver_:Vc
goog$userAgent$DOCUMENT_MODE:db
goog$dom$getNextElementNode_:lb
wgxpath$Node$getDescendantNodesIEPre9_:Rb
JSCompiler_StaticMethods_parsePredicates_:Qc
goog$userAgent$detectedIe_:Ia
goog$dom$getAncestor:tb
goog$debug$Error:ka
JSCompiler_StaticMethods_evaluatePredicates:kc
ua$$inline_27:Ra
core$locators$elementFindFirstMatchingChild:Rd
goog$userAgent$product$VERSION:Yc
goog$array$filter:ra
goog$bindNative_:ea
L 0:a
goog$dom$getElementsByTagNameAndClass_:jb
L 1:b
L 2:c
goog$isString:q
L 3:d
wgxpath$Lexer$tokenize:Nb
wgxpath$NodeSet:H
goog$userAgent$product$SAFARI:Hb
goog$array$forEach:t
cur$$inline_229:Vd
goog$dom$getOwnerDocument:A
L 9:w
wgxpath$Step$Axis$CHILD:zc
L 8:l
doc$$inline_36:cb
L 7:h
L 6:g
core$filters$Filters_:Ld
L 5:f
wgxpath$Node$getChildNodesIEPre9_:Wb
L 4:e
goog$dom$getViewportSize_:kb
ua$$inline_38:C
bot$color$RGBA_COLOR_RE_:Da
JSCompiler_StaticMethods_asBool:dc
wgxpath$NodeSet$Iterator:ac
wgxpath$XPathExpression_:Uc
goog$userAgent$product$detectedChrome_:zb
wgxpath$Step$Axis$ATTRIBUTE:sc
bot$dom$SPLIT_STYLE_ATTRIBUTE_ON_SEMICOLONS_REGEXP_:md
bot$dom$OverflowState$HIDDEN:Y
JSCompiler_StaticMethods_parseUnaryExpr_:Jc
JSCompiler_StaticMethods_parseExpr:Ic
goog$color$names:za
JSCompiler_StaticMethods_parsePathExpr_:Oc
bot$dom$getVisibleText:zd
goog$userAgent$detectedWebkit_:Ja
bot$dom$INLINE_DISPLAY_BOXES_:Bd
bot$dom$getParentElement:od
core$Error:Kd
goog$inherits:s
bot$dom$getOverflowState:sd
bot$dom$trimExcludingNonBreakingSpaceCharacters_:yd
JSCompiler_StaticMethods_setNeedContextNode:cc
JSCompiler_StaticMethods_getElementsByTagNameAndClass:B
goog$userAgent$getUserAgentString:La
wgxpath$NodeSet$merge:Zb
JSCompiler_StaticMethods_iterator:J
bot$dom$getCascadedStyle_:pd
navigator$$inline_28:Sa
goog$array$reduce:sa
bot$Error:u
goog$array$contains:wa
goog$dom$PREDEFINED_TAG_VALUES_:rb
core$patternMatcher$regexpi_:Nd
goog$dom$getDomHelper:z
wgxpath$Number:qc
goog$userAgent$WEBKIT:Ta
bot$dom$isElement:W
wgxpath$BinaryExpr$Op$EQUAL:fc
wgxpath$BinaryExpr$compare_:gc
goog$userAgent$detectedGecko_:Ka
bot$dom$CSS_TRANSFORM_MATRIX_REGEX_:wd
wgxpath$Lexer$LEADING_WHITESPACE_:Pb
goog$userAgent$product$FIREFOX:Bb
goog$dom$NodeType$TEXT:hb
bot$Error$State$UNKNOWN_ERROR:Ga
goog$array$concat:xa
wgxpath$Node$getDescendantNodesGeneric_:Sb
goog$userAgent$product$detectedSafari_:Ab
wgxpath$FunctionCall:lc
opt_object$$inline_226:Td
bot$userAgent:Zc
wgxpath$UnionExpr:Gc
wgxpath$BinaryExpr:ec
wgxpath$Node$attrMatches:G
bot$userAgent$FIREFOX_EXTENSION_IS_PRODUCT_VERSION_:ad
goog$dom$compareParentsDescendantNodeIe_:pb
wgxpath$Node$getNameFromTestIEPre9_:Ub
bot$locators$tagName:Hd
wgxpath$Step$nameToAxisMap_:Cc
match$$inline_97:gd
goog$userAgent$product$IPHONE:Db
wgxpath$Step$Axis$DESCENDANT_OR_SELF:Ac
bot$userAgent$isProductVersion:dd
bot$Error$CODE_TO_STATE_:Fa
goog$string$compareVersions:oa
goog$bind:ga
goog$math$Coordinate:fb
goog$now:ia
goog$userAgent$getDocumentMode_:Ua
wgxpath$Node$getValueAsString:F
bot$userAgent$isEngineVersion:bd
goog$userAgent$product$detectedIpad_:xb
goog$dom$getTextContent_:sb
bot$dom$getEffectiveStyle:X
goog$userAgent$OPERA:v
wgxpath$Literal:pc
bot$dom$getClientRegion:vd
wgxpath$Expr$indent:L
goog$userAgent$product$detectedFirefox_:ub
wgxpath$IEAttrWrapper$forAttrOf:Lb
goog$global:p
goog$array$ARRAY_PROTOTYPE_:qa
wgxpath$Step$createAxis_:Q
goog$userAgent$product$CAMINO:Cb
JSCompiler_StaticMethods_getFirst:$b
core$patternMatcher$KNOWN_STRATEGIES_:Pd
goog$dom$defaultDomHelper_:eb
wgxpath$userAgent$IE_DOC_PRE_8:Jb
core$patternMatcher$regexp_:Md
core$LocatorStrategies:$
wgxpath$userAgent$IE_DOC_PRE_9:D
goog$isFunction:ca
bot$locators$className:Ed
wgxpath$NameTest:Tb
goog$array$slice:ya
bot$dom$standardizeStyleAttribute_:nd
core$patternMatcher$convertGlobMetaCharsToRegexpMetaChars_:Od
JSCompiler_StaticMethods_parseNameTest_:Nc
bot$locators$linkText:Z
goog$math$Size:gb
parts$$inline_228:Ud
wgxpath$install:Wc
