goog$userAgent$detectedGecko_:x
core$text$getTextContent_:ya
match$$inline_18:ta
cur$$inline_59:Z
goog$userAgent$product$detectedAndroid_:N
goog$userAgent$product$FIREFOX:ha
goog$userAgent$detectedIe_:v
goog$debug$Error:V
goog$userAgent$product$detectedCamino_:K
goog$userAgent$product$VERSION:na
goog$userAgent$product$detectedSafari_:P
bot$userAgent:pa
navigator$$inline_6:ba
parts$$inline_58:Y
bot$userAgent$FIREFOX_EXTENSION_IS_PRODUCT_VERSION_:qa
L 0:a
bot$userAgent$ANDROID_VERSION_:sa
L 1:c
L 2:b
L 3:h
goog$userAgent$product$SAFARI:ma
goog$userAgent$product$getFirstRegExpGroup_:S
L 9:q
L 8:s
L 7:f
L 6:d
goog$userAgent$product$IPHONE:ja
L 5:e
L 4:g
bot$userAgent$isProductVersion:T
goog$string$trim:r
goog$userAgent$product$detectedChrome_:O
goog$string$compareVersions:t
goog$userAgent$getDocumentMode_:ca
goog$userAgent$GECKO:C
goog$userAgent$VERSION:E
goog$userAgent$product$detectedIphone_:L
goog$userAgent$product$detectedIpad_:M
goog$userAgent$detectedOpera_:u
goog$userAgent$OPERA:A
goog$userAgent$IE:B
JSCompiler_inline_result$$4:U
goog$userAgent$product$CHROME:la
goog$userAgent$detectedWebkit_:w
core$Error:ua
goog$inherits:n
goog$userAgent$product$detectedFirefox_:J
operaVersion$$inline_10:H
opt_object$$inline_56:za
goog$global:k
part$$inline_60:$
L 11:l
goog$userAgent$product$IPAD:ka
L 12:m
L 10:oa
goog$partial:aa
ua$$inline_5:z
goog$userAgent$getUserAgentString:y
goog$userAgent$product$CAMINO:ia
bot$window_:p
bot$userAgent$FIREFOX_EXTENSION:ra
core$patternMatcher$KNOWN_STRATEGIES_:W
arr$$inline_11:da
core$patternMatcher$regexp_:va
goog$userAgent$isVersionOrHigherCache_:I
goog$userAgent$product$ANDROID:R
docMode$$inline_12:ea
JSCompiler_temp$$1:X
core$patternMatcher$convertGlobMetaCharsToRegexpMetaChars_:xa
core$patternMatcher$regexpi_:wa
re$$inline_9:G
ua$$inline_16:Q
goog$userAgent$WEBKIT:D
goog$userAgent$DOCUMENT_MODE:ga
version$$inline_8:F
doc$$inline_14:fa
