tokens_:P
maxArgs_:M
single:n
descendants_:J
precedence_:ba
predicates_:b
stored_:ya
needContextPosition_:p
steps_:A
typeName_:ga
expr_:T
paths_:D
doesNeedContextPosition:e
text_:fa
nodeset_:ta
implicit_:qa
axis_:q
lastReturned_:L
opString_:wa
right_:da
dataType_:f
IE:Aa
checkElement_:I
strategyName:Ca
args_:H
reverse_:t
filter_:U
needContextNodeWithoutArgs_:sa
compare:oa
needContextNodeWithArgs_:ra
nodesetsRequired_:ua
image:W
prev:s
many:o
single_:ea
op_:O
node:m
DEFAULT_RESOLVER_:ja
primary_:ca
identifier_:V
length_:v
getLength:l
namespaceUri_:N
value_:ha
parentSourceIndex_:Ba
getQuickAttr:r
bubbles_:la
type_:d
first_:g
last_:j
nextId:aa
minArgs_:$
name_:h
position_:xa
supportsQuickAttr_:za
superClass_:Da
index_:C
literal_:Y
cancelable_:ma
needContextNode_:i
node_:c
canUseQuerySelector_:Q
xpath_:ia
quickAttr_:w
valueExpr:u
func_:B
svg:Ea
many_:Z
evaluate_:k
alt_:ka
class_:na
lexer_:a
nsResolver_:va
dom_:S
string:F
document_:K
test_:G
id_:pa
current_:R
left_:X
